#
# A fatal error has been detected by the Java Runtime Environment:
#
#  EXCEPTION_ACCESS_VIOLATION (0xc0000005) at pc=0x000002cd78e91066, pid=9700, tid=0x0000000000000c34
#
# JRE version: Java(TM) SE Runtime Environment (8.0_301-b09) (build 1.8.0_301-b09)
# Java VM: Java HotSpot(TM) 64-Bit Server VM (25.301-b09 mixed mode windows-amd64 compressed oops)
# Problematic frame:
# C  [OpenAL64.dll+0x11066]
#
# Failed to write core dump. Minidumps are not enabled by default on client versions of Windows
#
# If you would like to submit a bug report, please visit:
#   http://bugreport.java.com/bugreport/crash.jsp
# The crash happened outside the Java Virtual Machine in native code.
# See problematic frame for where to report the bug.
#

---------------  T H R E A D  ---------------

Current thread (0x000002cd5f7f7000):  JavaThread "main" [_thread_in_native, id=3124, stack(0x000000e2e7300000,0x000000e2e7400000)]

siginfo: ExceptionCode=0xc0000005, reading address 0x000002cd766c7004

Registers:
RAX=0x0000000000000004, RBX=0x000002cd79060090, RCX=0x000002cd766c7008, RDX=0x000002cd766c7004
RSP=0x000000e2e73fc7f0, RBP=0x00000000000000ff, RSI=0x000002cd766c059c, RDI=0x0000000000000000
R8 =0x0000000000001a9a, R9 =0x000002cd766c059c, R10=0x000002cd611b9942, R11=0x000000007617a0a0
R12=0x0000000000000001, R13=0x000002cd78c1e318, R14=0x000000e2e73fc990, R15=0x000002cd5f7f7000
RIP=0x000002cd78e91066, EFLAGS=0x0000000000010202

Top of Stack: (sp=0x000000e2e73fc7f0)
0x000000e2e73fc7f0:   0000000000000000 000002cd5f7f7000
0x000000e2e73fc800:   000002cd78c1e318 0000000000000000
0x000000e2e73fc810:   000002cd78c1e318 0000000000000000
0x000000e2e73fc820:   000002cd5f7f7000 000000e2e73fc990
0x000000e2e73fc830:   000000e2e73fc958 000000007601309b
0x000000e2e73fc840:   000000e2e73fc870 0000000000000013
0x000000e2e73fc850:   000002cd5f7c5370 000002cd5f7f74e0
0x000000e2e73fc860:   000002cd5f7f7000 000000e2e73fc990
0x000000e2e73fc870:   000002cd78c1e318 0000000000000000
0x000000e2e73fc880:   000002cd766c059c 0000000000000248
0x000000e2e73fc890:   000000e2e73fc958 000002cd78e9248f
0x000000e2e73fc8a0:   000002cd79060090 000002cd79060090
0x000000e2e73fc8b0:   000002cd0000ac44 000002cd00000004
0x000000e2e73fc8c0:   000002cd611a7e90 000002cd611b996e
0x000000e2e73fc8d0:   000002cd78c1e318 0000000000000248
0x000000e2e73fc8e0:   000002cd611a7e90 000002cd611b967b 

Instructions: (pc=0x000002cd78e91066)
0x000002cd78e91046:   41 2b ec 81 3a 03 00 02 00 75 09 8b 01 89 84 24
0x000002cd78e91056:   c8 00 00 00 49 83 c0 02 48 83 c1 08 4a 8d 14 86
0x000002cd78e91066:   39 3a 75 af 4c 8d 84 24 c0 00 00 00 48 8d 15 d7
0x000002cd78e91076:   2b 03 00 33 c9 e8 58 5f 00 00 b8 40 1f 00 00 4c 


Register to memory mapping:

RAX=0x0000000000000004 is an unknown value
RBX=0x000002cd79060090 is an unknown value
RCX=0x000002cd766c7008 is an unknown value
RDX=0x000002cd766c7004 is an unknown value
RSP=0x000000e2e73fc7f0 is pointing into the stack for thread: 0x000002cd5f7f7000
RBP=0x00000000000000ff is an unknown value
RSI=0x000002cd766c059c is an unknown value
RDI=0x0000000000000000 is an unknown value
R8 =0x0000000000001a9a is an unknown value
R9 =0x000002cd766c059c is an unknown value
R10=0x000002cd611b9942 is at code_begin+962 in an Interpreter codelet
method entry point (kind = native)  [0x000002cd611b9580, 0x000002cd611ba020]  2720 bytes
R11=0x000000007617a0a0 is an unknown value
R12=0x0000000000000001 is an unknown value
R13={method} {0x000002cd78c1e320} 'nalcCreateContext' '(JJ)J' in 'org/lwjgl/openal/ALC10'
R14=0x000000e2e73fc990 is pointing into the stack for thread: 0x000002cd5f7f7000
R15=0x000002cd5f7f7000 is a thread


Stack: [0x000000e2e7300000,0x000000e2e7400000],  sp=0x000000e2e73fc7f0,  free space=1009k
Native frames: (J=compiled Java code, j=interpreted, Vv=VM code, C=native code)
C  [OpenAL64.dll+0x11066]
C  [OpenAL64.dll+0x1248f]
C  0x000002cd611b996e

Java frames: (J=compiled Java code, j=interpreted, Vv=VM code)
j  org.lwjgl.openal.ALC10.nalcCreateContext(JJ)J+0
j  org.lwjgl.openal.ALC10.alcCreateContext(Lorg/lwjgl/openal/ALCdevice;Ljava/nio/IntBuffer;)Lorg/lwjgl/openal/ALCcontext;+8
j  org.lwjgl.openal.AL.init(Ljava/lang/String;IIZZ)V+69
j  org.lwjgl.openal.AL.create(Ljava/lang/String;IIZZ)V+246
j  org.lwjgl.openal.AL.create(Ljava/lang/String;IIZ)V+5
j  org.lwjgl.openal.AL.create()V+6
j  com.badlogic.gdx.backends.lwjgl.audio.OpenALAudio.<init>(III)V+114
j  com.badlogic.gdx.backends.lwjgl.LwjglApplication.<init>(Lcom/badlogic/gdx/ApplicationListener;Lcom/badlogic/gdx/backends/lwjgl/LwjglApplicationConfiguration;Lcom/badlogic/gdx/backends/lwjgl/LwjglGraphics;)V+120
j  com.badlogic.gdx.backends.lwjgl.LwjglApplication.<init>(Lcom/badlogic/gdx/ApplicationListener;Lcom/badlogic/gdx/backends/lwjgl/LwjglApplicationConfiguration;)V+11
j  org.uqbar.project.wollok.game.gameboard.WollokGDXApplication.<init>(Lorg/uqbar/project/wollok/game/gameboard/Gameboard;Ljava/lang/Boolean;)V+17
j  org.uqbar.project.wollok.game.helpers.Application.start(Lorg/uqbar/project/wollok/game/gameboard/Gameboard;Ljava/lang/Boolean;)V+5
j  org.uqbar.project.wollok.game.gameboard.Gameboard.start(Ljava/lang/Boolean;)V+13
j  wollok.game.GameObject.doStart(Ljava/lang/Boolean;)V+12
v  ~StubRoutines::call_stub
j  sun.reflect.NativeMethodAccessorImpl.invoke0(Ljava/lang/reflect/Method;Ljava/lang/Object;[Ljava/lang/Object;)Ljava/lang/Object;+0
j  sun.reflect.NativeMethodAccessorImpl.invoke(Ljava/lang/Object;[Ljava/lang/Object;)Ljava/lang/Object;+100
J 2698 C1 sun.reflect.DelegatingMethodAccessorImpl.invoke(Ljava/lang/Object;[Ljava/lang/Object;)Ljava/lang/Object; (10 bytes) @ 0x000002cd61a68b84 [0x000002cd61a68a80+0x104]
J 2697 C1 java.lang.reflect.Method.invoke(Ljava/lang/Object;[Ljava/lang/Object;)Ljava/lang/Object; (62 bytes) @ 0x000002cd61a64aac [0x000002cd61a646c0+0x3ec]
j  org.uqbar.project.wollok.ui.utils.XTendUtilExtensions.invokeConvertingArgs(Ljava/lang/reflect/Method;Ljava/lang/Object;[Ljava/lang/Object;)Lorg/uqbar/project/wollok/interpreter/core/WollokObject;+261
j  org.uqbar.project.wollok.interpreter.AbstractWollokCallable._invokeNative(Ljava/lang/Object;Ljava/lang/String;[Lorg/uqbar/project/wollok/interpreter/core/WollokObject;)Lorg/uqbar/project/wollok/interpreter/core/WollokObject;+41
j  org.uqbar.project.wollok.interpreter.AbstractWollokCallable.invokeNative(Ljava/lang/Object;Ljava/lang/String;[Lorg/uqbar/project/wollok/interpreter/core/WollokObject;)Lorg/uqbar/project/wollok/interpreter/core/WollokObject;+26
j  org.uqbar.project.wollok.interpreter.AbstractWollokCallable$1.apply()Lorg/uqbar/project/wollok/interpreter/core/WollokObject;+55
j  org.uqbar.project.wollok.interpreter.AbstractWollokCallable$1.apply()Ljava/lang/Object;+1
j  org.uqbar.project.wollok.interpreter.threads.WThread.performOnStack(Lorg/eclipse/emf/ecore/EObject;Lorg/uqbar/project/wollok/interpreter/context/EvaluationContext;Lorg/eclipse/xtext/xbase/lib/Functions$Function0;)Lorg/uqbar/project/wollok/interpreter/core/WollokObject;+29
j  org.uqbar.project.wollok.interpreter.WollokInterpreter.performOnStack(Lorg/eclipse/emf/ecore/EObject;Lorg/uqbar/project/wollok/interpreter/context/EvaluationContext;Lorg/eclipse/xtext/xbase/lib/Functions$Function0;)Lorg/uqbar/project/wollok/interpreter/core/WollokObject;+7
j  org.uqbar.project.wollok.interpreter.AbstractWollokCallable.call(Lorg/uqbar/project/wollok/wollokDsl/WMethodDeclaration;[Lorg/uqbar/project/wollok/interpreter/core/WollokObject;)Lorg/uqbar/project/wollok/interpreter/core/WollokObject;+38
j  org.uqbar.project.wollok.interpreter.core.WollokObject.call(Ljava/lang/String;[Lorg/uqbar/project/wollok/interpreter/core/WollokObject;)Lorg/uqbar/project/wollok/interpreter/core/WollokObject;+55
j  org.uqbar.project.wollok.interpreter.WollokInterpreterEvaluator._evaluate(Lorg/uqbar/project/wollok/wollokDsl/WFeatureCall;)Lorg/uqbar/project/wollok/interpreter/core/WollokObject;+119
J 3218 C1 org.uqbar.project.wollok.launch.WollokLauncherInterpreterEvaluator.evaluate(Lorg/eclipse/emf/ecore/EObject;)Lorg/uqbar/project/wollok/interpreter/core/WollokObject; (502 bytes) @ 0x000002cd61b47764 [0x000002cd61b46720+0x1044]
J 3217 C1 org.uqbar.project.wollok.interpreter.WollokInterpreterEvaluator.evaluate(Lorg/eclipse/emf/ecore/EObject;)Ljava/lang/Object; (6 bytes) @ 0x000002cd61b42c2c [0x000002cd61b42bc0+0x6c]
j  org.uqbar.project.wollok.interpreter.WollokInterpreter.eval(Lorg/eclipse/emf/ecore/EObject;)Lorg/uqbar/project/wollok/interpreter/core/WollokObject;+63
j  org.uqbar.project.wollok.interpreter.WollokInterpreterEvaluator.eval(Lorg/eclipse/emf/ecore/EObject;)Lorg/uqbar/project/wollok/interpreter/core/WollokObject;+5
j  org.uqbar.project.wollok.interpreter.WollokInterpreterEvaluator$1.apply(Lorg/uqbar/project/wollok/interpreter/core/WollokObject;Lorg/eclipse/emf/ecore/EObject;)Lorg/uqbar/project/wollok/interpreter/core/WollokObject;+5
j  org.uqbar.project.wollok.interpreter.WollokInterpreterEvaluator$1.apply(Ljava/lang/Object;Ljava/lang/Object;)Ljava/lang/Object;+9
j  org.eclipse.xtext.xbase.lib.IteratorExtensions.fold(Ljava/util/Iterator;Ljava/lang/Object;Lorg/eclipse/xtext/xbase/lib/Functions$Function2;)Ljava/lang/Object;+19
j  org.eclipse.xtext.xbase.lib.IterableExtensions.fold(Ljava/lang/Iterable;Ljava/lang/Object;Lorg/eclipse/xtext/xbase/lib/Functions$Function2;)Ljava/lang/Object;+8
j  org.uqbar.project.wollok.interpreter.WollokInterpreterEvaluator.evalAll(Ljava/lang/Iterable;)Lorg/uqbar/project/wollok/interpreter/core/WollokObject;+12
j  org.uqbar.project.wollok.interpreter.WollokInterpreterEvaluator._evaluate(Lorg/uqbar/project/wollok/wollokDsl/WBlockExpression;)Lorg/uqbar/project/wollok/interpreter/core/WollokObject;+34
J 3218 C1 org.uqbar.project.wollok.launch.WollokLauncherInterpreterEvaluator.evaluate(Lorg/eclipse/emf/ecore/EObject;)Lorg/uqbar/project/wollok/interpreter/core/WollokObject; (502 bytes) @ 0x000002cd61b4837c [0x000002cd61b46720+0x1c5c]
J 3217 C1 org.uqbar.project.wollok.interpreter.WollokInterpreterEvaluator.evaluate(Lorg/eclipse/emf/ecore/EObject;)Ljava/lang/Object; (6 bytes) @ 0x000002cd61b42c2c [0x000002cd61b42bc0+0x6c]
j  org.uqbar.project.wollok.interpreter.WollokInterpreter.eval(Lorg/eclipse/emf/ecore/EObject;)Lorg/uqbar/project/wollok/interpreter/core/WollokObject;+63
j  org.uqbar.project.wollok.interpreter.AbstractWollokCallable.eval(Lorg/eclipse/emf/ecore/EObject;)Lorg/uqbar/project/wollok/interpreter/core/WollokObject;+5
j  org.uqbar.project.wollok.interpreter.AbstractWollokCallable$1.apply()Lorg/uqbar/project/wollok/interpreter/core/WollokObject;+110
j  org.uqbar.project.wollok.interpreter.AbstractWollokCallable$1.apply()Ljava/lang/Object;+1
j  org.uqbar.project.wollok.interpreter.threads.WThread.performOnStack(Lorg/eclipse/emf/ecore/EObject;Lorg/uqbar/project/wollok/interpreter/context/EvaluationContext;Lorg/eclipse/xtext/xbase/lib/Functions$Function0;)Lorg/uqbar/project/wollok/interpreter/core/WollokObject;+29
j  org.uqbar.project.wollok.interpreter.WollokInterpreter.performOnStack(Lorg/eclipse/emf/ecore/EObject;Lorg/uqbar/project/wollok/interpreter/context/EvaluationContext;Lorg/eclipse/xtext/xbase/lib/Functions$Function0;)Lorg/uqbar/project/wollok/interpreter/core/WollokObject;+7
j  org.uqbar.project.wollok.interpreter.AbstractWollokCallable.call(Lorg/uqbar/project/wollok/wollokDsl/WMethodDeclaration;[Lorg/uqbar/project/wollok/interpreter/core/WollokObject;)Lorg/uqbar/project/wollok/interpreter/core/WollokObject;+38
j  org.uqbar.project.wollok.interpreter.core.WollokObject.call(Ljava/lang/String;[Lorg/uqbar/project/wollok/interpreter/core/WollokObject;)Lorg/uqbar/project/wollok/interpreter/core/WollokObject;+55
j  org.uqbar.project.wollok.interpreter.WollokInterpreterEvaluator._evaluate(Lorg/uqbar/project/wollok/wollokDsl/WFeatureCall;)Lorg/uqbar/project/wollok/interpreter/core/WollokObject;+119
J 3218 C1 org.uqbar.project.wollok.launch.WollokLauncherInterpreterEvaluator.evaluate(Lorg/eclipse/emf/ecore/EObject;)Lorg/uqbar/project/wollok/interpreter/core/WollokObject; (502 bytes) @ 0x000002cd61b47764 [0x000002cd61b46720+0x1044]
J 3217 C1 org.uqbar.project.wollok.interpreter.WollokInterpreterEvaluator.evaluate(Lorg/eclipse/emf/ecore/EObject;)Ljava/lang/Object; (6 bytes) @ 0x000002cd61b42c2c [0x000002cd61b42bc0+0x6c]
j  org.uqbar.project.wollok.interpreter.WollokInterpreter.eval(Lorg/eclipse/emf/ecore/EObject;)Lorg/uqbar/project/wollok/interpreter/core/WollokObject;+63
j  org.uqbar.project.wollok.interpreter.WollokInterpreterEvaluator.eval(Lorg/eclipse/emf/ecore/EObject;)Lorg/uqbar/project/wollok/interpreter/core/WollokObject;+5
j  org.uqbar.project.wollok.interpreter.WollokInterpreterEvaluator$1.apply(Lorg/uqbar/project/wollok/interpreter/core/WollokObject;Lorg/eclipse/emf/ecore/EObject;)Lorg/uqbar/project/wollok/interpreter/core/WollokObject;+5
j  org.uqbar.project.wollok.interpreter.WollokInterpreterEvaluator$1.apply(Ljava/lang/Object;Ljava/lang/Object;)Ljava/lang/Object;+9
j  org.eclipse.xtext.xbase.lib.IteratorExtensions.fold(Ljava/util/Iterator;Ljava/lang/Object;Lorg/eclipse/xtext/xbase/lib/Functions$Function2;)Ljava/lang/Object;+19
j  org.eclipse.xtext.xbase.lib.IterableExtensions.fold(Ljava/lang/Iterable;Ljava/lang/Object;Lorg/eclipse/xtext/xbase/lib/Functions$Function2;)Ljava/lang/Object;+8
j  org.uqbar.project.wollok.interpreter.WollokInterpreterEvaluator.evalAll(Ljava/lang/Iterable;)Lorg/uqbar/project/wollok/interpreter/core/WollokObject;+12
j  org.uqbar.project.wollok.interpreter.WollokInterpreterEvaluator._evaluate(Lorg/uqbar/project/wollok/wollokDsl/WProgram;)Lorg/uqbar/project/wollok/interpreter/core/WollokObject;+18
j  org.uqbar.project.wollok.launch.WollokLauncherInterpreterEvaluator.evaluate(Lorg/eclipse/emf/ecore/EObject;)Lorg/uqbar/project/wollok/interpreter/core/WollokObject;+444
j  org.uqbar.project.wollok.interpreter.WollokInterpreterEvaluator.evaluate(Lorg/eclipse/emf/ecore/EObject;)Ljava/lang/Object;+2
j  org.uqbar.project.wollok.interpreter.WollokInterpreter.eval(Lorg/eclipse/emf/ecore/EObject;)Lorg/uqbar/project/wollok/interpreter/core/WollokObject;+63
j  org.uqbar.project.wollok.interpreter.WollokInterpreterEvaluator.eval(Lorg/eclipse/emf/ecore/EObject;)Lorg/uqbar/project/wollok/interpreter/core/WollokObject;+5
j  org.uqbar.project.wollok.launch.WollokLauncherInterpreterEvaluator._evaluate(Lorg/uqbar/project/wollok/wollokDsl/WFile;)Lorg/uqbar/project/wollok/interpreter/core/WollokObject;+32
j  org.uqbar.project.wollok.launch.WollokLauncherInterpreterEvaluator.evaluate(Lorg/eclipse/emf/ecore/EObject;)Lorg/uqbar/project/wollok/interpreter/core/WollokObject;+428
j  org.uqbar.project.wollok.interpreter.WollokInterpreterEvaluator.evaluate(Lorg/eclipse/emf/ecore/EObject;)Ljava/lang/Object;+2
j  org.uqbar.project.wollok.interpreter.WollokInterpreter.interpret(Lorg/eclipse/emf/ecore/EObject;Ljava/lang/Boolean;)Lorg/uqbar/project/wollok/interpreter/core/WollokObject;+25
j  org.uqbar.project.wollok.interpreter.WollokInterpreter.interpret(Lorg/eclipse/emf/ecore/EObject;)Lorg/uqbar/project/wollok/interpreter/core/WollokObject;+8
j  org.uqbar.project.wollok.launch.WollokLauncher.doSomething(Lorg/uqbar/project/wollok/wollokDsl/WFile;Lcom/google/inject/Injector;Ljava/io/File;Lorg/uqbar/project/wollok/launch/WollokLauncherParameters;)V+109
j  org.uqbar.project.wollok.launch.WollokChecker.launch(Ljava/lang/String;Lorg/uqbar/project/wollok/launch/WollokLauncherParameters;)V+31
j  org.uqbar.project.wollok.launch.WollokChecker.doMain([Ljava/lang/String;)V+205
j  org.uqbar.project.wollok.launch.WollokLauncher.main([Ljava/lang/String;)V+8
v  ~StubRoutines::call_stub

---------------  P R O C E S S  ---------------

Java Threads: ( => current thread )
  0x000002cd74d1f000 JavaThread "com.google.inject.internal.util.$Finalizer" daemon [_thread_blocked, id=120, stack(0x000000e2e8300000,0x000000e2e8400000)]
  0x000002cd74ff7000 JavaThread "EMF Reference Cleaner" daemon [_thread_blocked, id=11512, stack(0x000000e2e8200000,0x000000e2e8300000)]
  0x000002cd73048000 JavaThread "Service Thread" daemon [_thread_blocked, id=9656, stack(0x000000e2e8000000,0x000000e2e8100000)]
  0x000002cd72fc7000 JavaThread "C1 CompilerThread2" daemon [_thread_blocked, id=18232, stack(0x000000e2e7f00000,0x000000e2e8000000)]
  0x000002cd72fc5000 JavaThread "C2 CompilerThread1" daemon [_thread_blocked, id=10868, stack(0x000000e2e7e00000,0x000000e2e7f00000)]
  0x000002cd72fb7800 JavaThread "C2 CompilerThread0" daemon [_thread_blocked, id=13116, stack(0x000000e2e7d00000,0x000000e2e7e00000)]
  0x000002cd72fb3800 JavaThread "Attach Listener" daemon [_thread_blocked, id=1208, stack(0x000000e2e7c00000,0x000000e2e7d00000)]
  0x000002cd72fb2000 JavaThread "Signal Dispatcher" daemon [_thread_blocked, id=16436, stack(0x000000e2e7b00000,0x000000e2e7c00000)]
  0x000002cd72f98000 JavaThread "Finalizer" daemon [_thread_blocked, id=15384, stack(0x000000e2e7a00000,0x000000e2e7b00000)]
  0x000002cd72f70800 JavaThread "Reference Handler" daemon [_thread_blocked, id=16080, stack(0x000000e2e7900000,0x000000e2e7a00000)]
=>0x000002cd5f7f7000 JavaThread "main" [_thread_in_native, id=3124, stack(0x000000e2e7300000,0x000000e2e7400000)]

Other Threads:
  0x000002cd72f67000 VMThread [stack: 0x000000e2e7800000,0x000000e2e7900000] [id=15800]
  0x000002cd73071800 WatcherThread [stack: 0x000000e2e8100000,0x000000e2e8200000] [id=2564]

VM state:not at safepoint (normal execution)

VM Mutex/Monitor currently owned by a thread: None

heap address: 0x00000000c8e00000, size: 882 MB, Compressed Oops mode: 32-bit
Narrow klass base: 0x0000000000000000, Narrow klass shift: 3
Compressed class space size: 1073741824 Address: 0x0000000100000000

Heap:
 PSYoungGen      total 131072K, used 4687K [0x00000000eda00000, 0x00000000f6700000, 0x0000000100000000)
  eden space 117760K, 3% used [0x00000000eda00000,0x00000000ede93f08,0x00000000f4d00000)
  from space 13312K, 0% used [0x00000000f5a00000,0x00000000f5a00000,0x00000000f6700000)
  to   space 13312K, 0% used [0x00000000f4d00000,0x00000000f4d00000,0x00000000f5a00000)
 ParOldGen       total 52224K, used 23456K [0x00000000c8e00000, 0x00000000cc100000, 0x00000000eda00000)
  object space 52224K, 44% used [0x00000000c8e00000,0x00000000ca4e80e0,0x00000000cc100000)
 Metaspace       used 21032K, capacity 21324K, committed 21504K, reserved 1069056K
  class space    used 2692K, capacity 2782K, committed 2816K, reserved 1048576K

Card table byte_map: [0x000002cd70560000,0x000002cd70720000] byte_map_base: 0x000002cd6ff19000

Marking Bits: (ParMarkBitMap*) 0x0000000076737fe0
 Begin Bits: [0x000002cd70850000, 0x000002cd71618000)
 End Bits:   [0x000002cd71618000, 0x000002cd723e0000)

Polling page: 0x000002cd61170000

CodeCache: size=245760Kb used=10333Kb max_used=10354Kb free=235426Kb
 bounds [0x000002cd611a0000, 0x000002cd61bd0000, 0x000002cd701a0000]
 total_blobs=3741 nmethods=3297 adapters=355
 compilation: enabled

Compilation events (10 events):
Event: 3.420 Thread 0x000002cd72fb7800 3034       4       com.google.common.base.Predicates$ObjectPredicate$4::apply (10 bytes)
Event: 3.420 Thread 0x000002cd72fb7800 nmethod 3034 0x000002cd61b8cd10 code [0x000002cd61b8ce40, 0x000002cd61b8ceb8]
Event: 3.420 Thread 0x000002cd72fb7800 3024       4       org.eclipse.xtext.scoping.Scopes$2::apply (9 bytes)
Event: 3.425 Thread 0x000002cd72fb7800 nmethod 3024 0x000002cd61b8db10 code [0x000002cd61b8dca0, 0x000002cd61b8e068]
Event: 3.425 Thread 0x000002cd72fb7800 3025       4       org.eclipse.xtext.naming.IQualifiedNameProvider$AbstractImpl::apply (9 bytes)
Event: 3.428 Thread 0x000002cd72fb7800 nmethod 3025 0x000002cd61b8d2d0 code [0x000002cd61b8d440, 0x000002cd61b8d6e8]
Event: 3.428 Thread 0x000002cd72fb7800 2782       4       org.eclipse.emf.ecore.impl.MinimalEObjectImpl$1ArrayDelegatingAdapterList::didAdd (65 bytes)
Event: 3.431 Thread 0x000002cd72fb7800 nmethod 2782 0x000002cd61b8ad90 code [0x000002cd61b8aee0, 0x000002cd61b8b0d8]
Event: 3.441 Thread 0x000002cd72fb7800 3308   !   4       java.lang.ClassLoader::loadClass (122 bytes)
Event: 3.448 Thread 0x000002cd72fc5000 nmethod 3012 0x000002cd61bb8590 code [0x000002cd61bb8a00, 0x000002cd61bbb2f8]

GC Heap History (10 events):
Event: 1.190 GC heap before
{Heap before GC invocations=5 (full 0):
 PSYoungGen      total 31744K, used 31716K [0x00000000eda00000, 0x00000000efb00000, 0x0000000100000000)
  eden space 29696K, 100% used [0x00000000eda00000,0x00000000ef700000,0x00000000ef700000)
  from space 2048K, 98% used [0x00000000ef900000,0x00000000efaf93a0,0x00000000efb00000)
  to   space 2048K, 0% used [0x00000000ef700000,0x00000000ef700000,0x00000000ef900000)
 ParOldGen       total 38400K, used 12471K [0x00000000c8e00000, 0x00000000cb380000, 0x00000000eda00000)
  object space 38400K, 32% used [0x00000000c8e00000,0x00000000c9a2dfa0,0x00000000cb380000)
 Metaspace       used 11265K, capacity 11368K, committed 11520K, reserved 1058816K
  class space    used 1419K, capacity 1460K, committed 1536K, reserved 1048576K
Event: 1.199 GC heap after
Heap after GC invocations=5 (full 0):
 PSYoungGen      total 31744K, used 2020K [0x00000000eda00000, 0x00000000f2600000, 0x0000000100000000)
  eden space 29696K, 0% used [0x00000000eda00000,0x00000000eda00000,0x00000000ef700000)
  from space 2048K, 98% used [0x00000000ef700000,0x00000000ef8f93a0,0x00000000ef900000)
  to   space 9216K, 0% used [0x00000000f1d00000,0x00000000f1d00000,0x00000000f2600000)
 ParOldGen       total 38400K, used 18363K [0x00000000c8e00000, 0x00000000cb380000, 0x00000000eda00000)
  object space 38400K, 47% used [0x00000000c8e00000,0x00000000c9feef80,0x00000000cb380000)
 Metaspace       used 11265K, capacity 11368K, committed 11520K, reserved 1058816K
  class space    used 1419K, capacity 1460K, committed 1536K, reserved 1048576K
}
Event: 1.505 GC heap before
{Heap before GC invocations=6 (full 0):
 PSYoungGen      total 31744K, used 31716K [0x00000000eda00000, 0x00000000f2600000, 0x0000000100000000)
  eden space 29696K, 100% used [0x00000000eda00000,0x00000000ef700000,0x00000000ef700000)
  from space 2048K, 98% used [0x00000000ef700000,0x00000000ef8f93a0,0x00000000ef900000)
  to   space 9216K, 0% used [0x00000000f1d00000,0x00000000f1d00000,0x00000000f2600000)
 ParOldGen       total 38400K, used 18363K [0x00000000c8e00000, 0x00000000cb380000, 0x00000000eda00000)
  object space 38400K, 47% used [0x00000000c8e00000,0x00000000c9feef80,0x00000000cb380000)
 Metaspace       used 13261K, capacity 13374K, committed 13568K, reserved 1060864K
  class space    used 1730K, capacity 1757K, committed 1792K, reserved 1048576K
Event: 1.514 GC heap after
Heap after GC invocations=6 (full 0):
 PSYoungGen      total 68096K, used 7588K [0x00000000eda00000, 0x00000000f2700000, 0x0000000100000000)
  eden space 58880K, 0% used [0x00000000eda00000,0x00000000eda00000,0x00000000f1380000)
  from space 9216K, 82% used [0x00000000f1d00000,0x00000000f2469088,0x00000000f2600000)
  to   space 9728K, 0% used [0x00000000f1380000,0x00000000f1380000,0x00000000f1d00000)
 ParOldGen       total 38400K, used 18363K [0x00000000c8e00000, 0x00000000cb380000, 0x00000000eda00000)
  object space 38400K, 47% used [0x00000000c8e00000,0x00000000c9feef80,0x00000000cb380000)
 Metaspace       used 13261K, capacity 13374K, committed 13568K, reserved 1060864K
  class space    used 1730K, capacity 1757K, committed 1792K, reserved 1048576K
}
Event: 2.893 GC heap before
{Heap before GC invocations=7 (full 0):
 PSYoungGen      total 68096K, used 66468K [0x00000000eda00000, 0x00000000f2700000, 0x0000000100000000)
  eden space 58880K, 100% used [0x00000000eda00000,0x00000000f1380000,0x00000000f1380000)
  from space 9216K, 82% used [0x00000000f1d00000,0x00000000f2469088,0x00000000f2600000)
  to   space 9728K, 0% used [0x00000000f1380000,0x00000000f1380000,0x00000000f1d00000)
 ParOldGen       total 38400K, used 18363K [0x00000000c8e00000, 0x00000000cb380000, 0x00000000eda00000)
  object space 38400K, 47% used [0x00000000c8e00000,0x00000000c9feef80,0x00000000cb380000)
 Metaspace       used 20033K, capacity 20230K, committed 20352K, reserved 1067008K
  class space    used 2586K, capacity 2653K, committed 2688K, reserved 1048576K
Event: 2.911 GC heap after
Heap after GC invocations=7 (full 0):
 PSYoungGen      total 68608K, used 9724K [0x00000000eda00000, 0x00000000f6700000, 0x0000000100000000)
  eden space 58880K, 0% used [0x00000000eda00000,0x00000000eda00000,0x00000000f1380000)
  from space 9728K, 99% used [0x00000000f1380000,0x00000000f1cff070,0x00000000f1d00000)
  to   space 13312K, 0% used [0x00000000f5a00000,0x00000000f5a00000,0x00000000f6700000)
 ParOldGen       total 38400K, used 22560K [0x00000000c8e00000, 0x00000000cb380000, 0x00000000eda00000)
  object space 38400K, 58% used [0x00000000c8e00000,0x00000000ca408280,0x00000000cb380000)
 Metaspace       used 20033K, capacity 20230K, committed 20352K, reserved 1067008K
  class space    used 2586K, capacity 2653K, committed 2688K, reserved 1048576K
}
Event: 3.313 GC heap before
{Heap before GC invocations=8 (full 0):
 PSYoungGen      total 68608K, used 17933K [0x00000000eda00000, 0x00000000f6700000, 0x0000000100000000)
  eden space 58880K, 13% used [0x00000000eda00000,0x00000000ee2043e0,0x00000000f1380000)
  from space 9728K, 99% used [0x00000000f1380000,0x00000000f1cff070,0x00000000f1d00000)
  to   space 13312K, 0% used [0x00000000f5a00000,0x00000000f5a00000,0x00000000f6700000)
 ParOldGen       total 38400K, used 22560K [0x00000000c8e00000, 0x00000000cb380000, 0x00000000eda00000)
  object space 38400K, 58% used [0x00000000c8e00000,0x00000000ca408280,0x00000000cb380000)
 Metaspace       used 20874K, capacity 21100K, committed 21248K, reserved 1067008K
  class space    used 2665K, capacity 2750K, committed 2816K, reserved 1048576K
Event: 3.328 GC heap after
Heap after GC invocations=8 (full 0):
 PSYoungGen      total 131072K, used 8809K [0x00000000eda00000, 0x00000000f6700000, 0x0000000100000000)
  eden space 117760K, 0% used [0x00000000eda00000,0x00000000eda00000,0x00000000f4d00000)
  from space 13312K, 66% used [0x00000000f5a00000,0x00000000f629a688,0x00000000f6700000)
  to   space 13312K, 0% used [0x00000000f4d00000,0x00000000f4d00000,0x00000000f5a00000)
 ParOldGen       total 38400K, used 22964K [0x00000000c8e00000, 0x00000000cb380000, 0x00000000eda00000)
  object space 38400K, 59% used [0x00000000c8e00000,0x00000000ca46d230,0x00000000cb380000)
 Metaspace       used 20874K, capacity 21100K, committed 21248K, reserved 1067008K
  class space    used 2665K, capacity 2750K, committed 2816K, reserved 1048576K
}
Event: 3.328 GC heap before
{Heap before GC invocations=9 (full 1):
 PSYoungGen      total 131072K, used 8809K [0x00000000eda00000, 0x00000000f6700000, 0x0000000100000000)
  eden space 117760K, 0% used [0x00000000eda00000,0x00000000eda00000,0x00000000f4d00000)
  from space 13312K, 66% used [0x00000000f5a00000,0x00000000f629a688,0x00000000f6700000)
  to   space 13312K, 0% used [0x00000000f4d00000,0x00000000f4d00000,0x00000000f5a00000)
 ParOldGen       total 38400K, used 22964K [0x00000000c8e00000, 0x00000000cb380000, 0x00000000eda00000)
  object space 38400K, 59% used [0x00000000c8e00000,0x00000000ca46d230,0x00000000cb380000)
 Metaspace       used 20874K, capacity 21100K, committed 21248K, reserved 1067008K
  class space    used 2665K, capacity 2750K, committed 2816K, reserved 1048576K
Event: 3.393 GC heap after
Heap after GC invocations=9 (full 1):
 PSYoungGen      total 131072K, used 0K [0x00000000eda00000, 0x00000000f6700000, 0x0000000100000000)
  eden space 117760K, 0% used [0x00000000eda00000,0x00000000eda00000,0x00000000f4d00000)
  from space 13312K, 0% used [0x00000000f5a00000,0x00000000f5a00000,0x00000000f6700000)
  to   space 13312K, 0% used [0x00000000f4d00000,0x00000000f4d00000,0x00000000f5a00000)
 ParOldGen       total 52224K, used 23456K [0x00000000c8e00000, 0x00000000cc100000, 0x00000000eda00000)
  object space 52224K, 44% used [0x00000000c8e00000,0x00000000ca4e80e0,0x00000000cc100000)
 Metaspace       used 20874K, capacity 21100K, committed 21248K, reserved 1067008K
  class space    used 2665K, capacity 2750K, committed 2816K, reserved 1048576K
}

Deoptimization events (10 events):
Event: 2.376 Thread 0x000002cd5f7f7000 Uncommon trap: reason=class_check action=maybe_recompile pc=0x000002cd61920f88 method=org.eclipse.xtext.nodemodel.impl.NodeModelBuilder.addChild(Lorg/eclipse/xtext/nodemodel/ICompositeNode;Lorg/eclipse/xtext/nodemodel/impl/AbstractNode;)V @ 6
Event: 2.549 Thread 0x000002cd5f7f7000 Uncommon trap: reason=unstable_if action=reinterpret pc=0x000002cd616ee240 method=java.util.WeakHashMap.expungeStaleEntries()V @ 9
Event: 2.597 Thread 0x000002cd5f7f7000 Uncommon trap: reason=unstable_if action=reinterpret pc=0x000002cd616e5e1c method=java.util.concurrent.ConcurrentHashMap.putVal(Ljava/lang/Object;Ljava/lang/Object;Z)Ljava/lang/Object; @ 181
Event: 2.628 Thread 0x000002cd5f7f7000 Uncommon trap: reason=unstable_if action=reinterpret pc=0x000002cd613953c8 method=java.lang.ThreadLocal$ThreadLocalMap.getEntry(Ljava/lang/ThreadLocal;)Ljava/lang/ThreadLocal$ThreadLocalMap$Entry; @ 29
Event: 2.637 Thread 0x000002cd5f7f7000 Uncommon trap: reason=unstable_if action=reinterpret pc=0x000002cd6139789c method=java.lang.ThreadLocal$ThreadLocalMap.getEntry(Ljava/lang/ThreadLocal;)Ljava/lang/ThreadLocal$ThreadLocalMap$Entry; @ 29
Event: 2.714 Thread 0x000002cd5f7f7000 Uncommon trap: reason=bimorphic action=maybe_recompile pc=0x000002cd61a8f4a8 method=com.google.common.collect.AbstractIterator.tryToComputeNext()Z @ 9
Event: 2.714 Thread 0x000002cd5f7f7000 Uncommon trap: reason=bimorphic action=maybe_recompile pc=0x000002cd61a8f4a8 method=com.google.common.collect.AbstractIterator.tryToComputeNext()Z @ 9
Event: 2.715 Thread 0x000002cd5f7f7000 Uncommon trap: reason=bimorphic action=maybe_recompile pc=0x000002cd61a8f4a8 method=com.google.common.collect.AbstractIterator.tryToComputeNext()Z @ 9
Event: 2.715 Thread 0x000002cd5f7f7000 Uncommon trap: reason=bimorphic action=maybe_recompile pc=0x000002cd61a8f4a8 method=com.google.common.collect.AbstractIterator.tryToComputeNext()Z @ 9
Event: 2.995 Thread 0x000002cd5f7f7000 Uncommon trap: reason=unstable_if action=reinterpret pc=0x000002cd61af0248 method=java.io.WinNTFileSystem.normalize(Ljava/lang/String;)Ljava/lang/String; @ 49

Classes redefined (0 events):
No events

Internal exceptions (10 events):
Event: 2.452 Thread 0x000002cd5f7f7000 Exception <a 'java/io/FileNotFoundException'> (0x00000000efcb6610) thrown at [C:\jenkins\workspace\8-2-build-windows-amd64-cygwin\jdk8u301\1513\hotspot\src\share\vm\prims\jni.cpp, line 710]
Event: 2.748 Thread 0x000002cd5f7f7000 Exception <a 'java/lang/reflect/InvocationTargetException'> (0x00000000f0ae90b0) thrown at [C:\jenkins\workspace\8-2-build-windows-amd64-cygwin\jdk8u301\1513\hotspot\src\share\vm\runtime\reflection.cpp, line 1092]
Event: 2.750 Thread 0x000002cd5f7f7000 Exception <a 'java/lang/reflect/InvocationTargetException'> (0x00000000f0b05498) thrown at [C:\jenkins\workspace\8-2-build-windows-amd64-cygwin\jdk8u301\1513\hotspot\src\share\vm\runtime\reflection.cpp, line 1092]
Event: 2.753 Thread 0x000002cd5f7f7000 Exception <a 'java/lang/reflect/InvocationTargetException'> (0x00000000f0b241c0) thrown at [C:\jenkins\workspace\8-2-build-windows-amd64-cygwin\jdk8u301\1513\hotspot\src\share\vm\runtime\reflection.cpp, line 1092]
Event: 3.431 Thread 0x000002cd5f7f7000 Exception <a 'java/security/PrivilegedActionException'> (0x00000000edd0f698) thrown at [C:\jenkins\workspace\8-2-build-windows-amd64-cygwin\jdk8u301\1513\hotspot\src\share\vm\prims\jvm.cpp, line 1523]
Event: 3.431 Thread 0x000002cd5f7f7000 Exception <a 'java/security/PrivilegedActionException'> (0x00000000edd10bc8) thrown at [C:\jenkins\workspace\8-2-build-windows-amd64-cygwin\jdk8u301\1513\hotspot\src\share\vm\prims\jvm.cpp, line 1523]
Event: 3.431 Thread 0x000002cd5f7f7000 Exception <a 'java/security/PrivilegedActionException'> (0x00000000edd11ff8) thrown at [C:\jenkins\workspace\8-2-build-windows-amd64-cygwin\jdk8u301\1513\hotspot\src\share\vm\prims\jvm.cpp, line 1523]
Event: 3.431 Thread 0x000002cd5f7f7000 Exception <a 'java/security/PrivilegedActionException'> (0x00000000edd136b8) thrown at [C:\jenkins\workspace\8-2-build-windows-amd64-cygwin\jdk8u301\1513\hotspot\src\share\vm\prims\jvm.cpp, line 1523]
Event: 3.431 Thread 0x000002cd5f7f7000 Exception <a 'java/security/PrivilegedActionException'> (0x00000000edd14ab0) thrown at [C:\jenkins\workspace\8-2-build-windows-amd64-cygwin\jdk8u301\1513\hotspot\src\share\vm\prims\jvm.cpp, line 1523]
Event: 3.431 Thread 0x000002cd5f7f7000 Exception <a 'java/security/PrivilegedActionException'> (0x00000000edd15e78) thrown at [C:\jenkins\workspace\8-2-build-windows-amd64-cygwin\jdk8u301\1513\hotspot\src\share\vm\prims\jvm.cpp, line 1523]

Events (10 events):
Event: 3.467 loading class org/lwjgl/openal/ALCdevice
Event: 3.467 loading class org/lwjgl/openal/ALCdevice done
Event: 3.468 loading class org/lwjgl/openal/ALCcontext
Event: 3.468 loading class org/lwjgl/openal/ALCcontext done
Event: 3.468 loading class java/nio/DirectIntBufferU
Event: 3.469 loading class java/nio/DirectIntBufferU done
Event: 3.469 loading class org/lwjgl/openal/Util
Event: 3.469 loading class org/lwjgl/openal/Util done
Event: 3.469 loading class org/lwjgl/openal/OpenALException
Event: 3.469 loading class org/lwjgl/openal/OpenALException done


Dynamic libraries:
0x00007ff6edae0000 - 0x00007ff6edb27000 	C:\Program Files\Java\jre1.8.0_301\bin\javaw.exe
0x00007ffa2a1b0000 - 0x00007ffa2a3a8000 	C:\Windows\SYSTEM32\ntdll.dll
0x00007ffa289e0000 - 0x00007ffa28a9f000 	C:\Windows\System32\KERNEL32.DLL
0x00007ffa27b60000 - 0x00007ffa27e56000 	C:\Windows\System32\KERNELBASE.dll
0x00007ffa28750000 - 0x00007ffa287ff000 	C:\Windows\System32\ADVAPI32.dll
0x00007ffa28bc0000 - 0x00007ffa28c5e000 	C:\Windows\System32\msvcrt.dll
0x00007ffa29be0000 - 0x00007ffa29c7c000 	C:\Windows\System32\sechost.dll
0x00007ffa28800000 - 0x00007ffa28926000 	C:\Windows\System32\RPCRT4.dll
0x00007ffa29fa0000 - 0x00007ffa2a13d000 	C:\Windows\System32\USER32.dll
0x00007ffa27a30000 - 0x00007ffa27a52000 	C:\Windows\System32\win32u.dll
0x00007ffa2a140000 - 0x00007ffa2a16c000 	C:\Windows\System32\GDI32.dll
0x00007ffa28040000 - 0x00007ffa28155000 	C:\Windows\System32\gdi32full.dll
0x00007ffa27890000 - 0x00007ffa2792d000 	C:\Windows\System32\msvcp_win.dll
0x00007ffa27a60000 - 0x00007ffa27b60000 	C:\Windows\System32\ucrtbase.dll
0x00007ffa0b7b0000 - 0x00007ffa0ba4a000 	C:\Windows\WinSxS\amd64_microsoft.windows.common-controls_6595b64144ccf1df_6.0.19041.1110_none_60b5254171f9507e\COMCTL32.dll
0x00007ffa28aa0000 - 0x00007ffa28ad0000 	C:\Windows\System32\IMM32.DLL
0x00007ffa1da40000 - 0x00007ffa1da55000 	C:\Program Files\Java\jre1.8.0_301\bin\vcruntime140.dll
0x00007ffa0e810000 - 0x00007ffa0e8ab000 	C:\Program Files\Java\jre1.8.0_301\bin\msvcp140.dll
0x0000000075f50000 - 0x00000000767b0000 	C:\Program Files\Java\jre1.8.0_301\bin\server\jvm.dll
0x00007ffa29350000 - 0x00007ffa29358000 	C:\Windows\System32\PSAPI.DLL
0x00007ffa1ca60000 - 0x00007ffa1ca87000 	C:\Windows\SYSTEM32\WINMM.dll
0x00007ffa20830000 - 0x00007ffa2083a000 	C:\Windows\SYSTEM32\VERSION.dll
0x00007ffa22e70000 - 0x00007ffa22e79000 	C:\Windows\SYSTEM32\WSOCK32.dll
0x00007ffa28ad0000 - 0x00007ffa28b3b000 	C:\Windows\System32\WS2_32.dll
0x00007ffa25760000 - 0x00007ffa25772000 	C:\Windows\SYSTEM32\kernel.appcore.dll
0x00007ffa22e10000 - 0x00007ffa22e20000 	C:\Program Files\Java\jre1.8.0_301\bin\verify.dll
0x00007ffa0fb40000 - 0x00007ffa0fb6b000 	C:\Program Files\Java\jre1.8.0_301\bin\java.dll
0x00007ffa1d990000 - 0x00007ffa1d9a8000 	C:\Program Files\Java\jre1.8.0_301\bin\zip.dll
0x00007ffa29490000 - 0x00007ffa29bd4000 	C:\Windows\System32\SHELL32.dll
0x00007ffa25960000 - 0x00007ffa260f3000 	C:\Windows\SYSTEM32\windows.storage.dll
0x00007ffa28390000 - 0x00007ffa286e4000 	C:\Windows\System32\combase.dll
0x00007ffa27200000 - 0x00007ffa2722e000 	C:\Windows\SYSTEM32\Wldp.dll
0x00007ffa29db0000 - 0x00007ffa29e5d000 	C:\Windows\System32\SHCORE.dll
0x00007ffa29430000 - 0x00007ffa29485000 	C:\Windows\System32\shlwapi.dll
0x00007ffa277d0000 - 0x00007ffa277ef000 	C:\Windows\SYSTEM32\profapi.dll
0x0000000065580000 - 0x0000000065616000 	C:\Users\Usuario\AppData\Local\Temp\libgdxUsuario\12dfaa03\gdx64.dll
0x00007ffa27150000 - 0x00007ffa27168000 	C:\Windows\SYSTEM32\CRYPTSP.dll
0x00007ffa26880000 - 0x00007ffa268b4000 	C:\Windows\system32\rsaenh.dll
0x00007ffa28010000 - 0x00007ffa28037000 	C:\Windows\System32\bcrypt.dll
0x00007ffa27790000 - 0x00007ffa277be000 	C:\Windows\SYSTEM32\USERENV.dll
0x00007ffa279a0000 - 0x00007ffa27a22000 	C:\Windows\System32\bcryptprimitives.dll
0x00007ffa27170000 - 0x00007ffa2717c000 	C:\Windows\SYSTEM32\CRYPTBASE.dll
0x00007ffa1d610000 - 0x00007ffa1d62c000 	C:\Program Files\Java\jre1.8.0_301\bin\net.dll
0x00007ffa26f60000 - 0x00007ffa26fca000 	C:\Windows\system32\mswsock.dll
0x00007ffa26c50000 - 0x00007ffa26c8c000 	C:\Windows\SYSTEM32\IPHLPAPI.DLL
0x00007ffa28c70000 - 0x00007ffa28c78000 	C:\Windows\System32\NSI.dll
0x00007ffa1fa60000 - 0x00007ffa1fa77000 	C:\Windows\SYSTEM32\dhcpcsvc6.DLL
0x00007ffa20010000 - 0x00007ffa2002d000 	C:\Windows\SYSTEM32\dhcpcsvc.DLL
0x00007ffa26c90000 - 0x00007ffa26d5a000 	C:\Windows\SYSTEM32\DNSAPI.dll
0x00007ffa12210000 - 0x00007ffa12223000 	C:\Program Files\Java\jre1.8.0_301\bin\nio.dll
0x0000000180000000 - 0x0000000180053000 	C:\Users\Usuario\AppData\Local\Temp\libgdxUsuario\dc0f0009\lwjgl64.dll
0x00007ff9d8420000 - 0x00007ff9d8545000 	C:\Windows\SYSTEM32\OPENGL32.dll
0x00007ff9d67c0000 - 0x00007ff9d67ec000 	C:\Windows\SYSTEM32\GLU32.dll
0x000002cd78e80000 - 0x000002cd78ee4000 	C:\Users\Usuario\AppData\Local\Temp\libgdxUsuario\dc0f0009\OpenAL64.dll
0x00007ffa29c80000 - 0x00007ffa29daa000 	C:\Windows\System32\ole32.dll
0x00007ffa25290000 - 0x00007ffa2532e000 	C:\Windows\system32\uxtheme.dll
0x00007ffa28c80000 - 0x00007ffa28d29000 	C:\Windows\System32\clbcatq.dll
0x00007ffa0b410000 - 0x00007ffa0b4ac000 	C:\Windows\SYSTEM32\dsound.dll
0x00007ffa27700000 - 0x00007ffa2774b000 	C:\Windows\SYSTEM32\powrprof.dll
0x00007ffa04b90000 - 0x00007ffa04bb6000 	C:\Windows\SYSTEM32\winmmbase.dll
0x00007ffa276e0000 - 0x00007ffa276f2000 	C:\Windows\SYSTEM32\UMPDC.dll
0x00007ffa20960000 - 0x00007ffa209e5000 	C:\Windows\System32\MMDevApi.dll
0x00007ffa27560000 - 0x00007ffa2758c000 	C:\Windows\System32\DEVOBJ.dll
0x00007ffa27e60000 - 0x00007ffa27eae000 	C:\Windows\System32\cfgmgr32.dll
0x00007ffa20cf0000 - 0x00007ffa20e72000 	C:\Windows\SYSTEM32\AUDIOSES.DLL
0x00007ffa29360000 - 0x00007ffa2942d000 	C:\Windows\System32\OLEAUT32.dll
0x00007ffa20e80000 - 0x00007ffa21064000 	C:\Windows\SYSTEM32\dbghelp.dll

VM Arguments:
jvm_args: -Duser.language=es_AR -Dfile.encoding=UTF-8 
java_command: org.uqbar.project.wollok.launch.WollokLauncher -requestsPort 0 -eventsPort 0 -folder -dontValidate -wf src/program.wpgm
java_class_path (initial): C:\Users\Usuario\Desktop\workspace\juegoW\bin;C:\Users\Usuario\AppData\Local\Temp\Rar$EXa13036.30293\plugins\com.ibm.icu_64.2.0.v20190507-1337.jar;C:\Users\Usuario\AppData\Local\Temp\Rar$EXa13036.30293\plugins\org.eclipse.xtext_2.20.0.v20191202-0915.jar;C:\Users\Usuario\AppData\Local\Temp\Rar$EXa13036.30293\plugins\org.eclipse.emf.ecore.xmi_2.16.0.v20190528-0725.jar;C:\Users\Usuario\AppData\Local\Temp\Rar$EXa13036.30293\plugins\org.eclipse.emf.ecore_2.20.0.v20190920-0401.jar;C:\Users\Usuario\AppData\Local\Temp\Rar$EXa13036.30293\plugins\org.eclipse.emf.common_2.17.0.v20190920-0401.jar;C:\Users\Usuario\AppData\Local\Temp\Rar$EXa13036.30293\plugins\org.antlr.runtime_3.2.0.v201101311130.jar;C:\Users\Usuario\AppData\Local\Temp\Rar$EXa13036.30293\plugins\com.google.inject_3.0.0.v201605172100.jar;C:\Users\Usuario\AppData\Local\Temp\Rar$EXa13036.30293\plugins\org.eclipse.emf.mwe.core_1.5.1.v20191121-1148.jar;C:\Users\Usuario\AppData\Local\Temp\Rar$EXa13036.30293\plugins\org.apache.commons.cli_1.2.0.v201404270220.jar;C:\Users\Usuario\AppData\Local\Temp\Rar$EXa13036.30293\plugins\org.eclipse.emf.mwe2.runtime_2.11.1.v20191121-1148.jar;C:\Users\Usuario\AppData\Local\Temp\Rar$EXa13036.30293\plugins\org.eclipse.emf.mwe.utils_1.5.1.v20191121-1148.jar;C:\Users\Usuario\AppData\Local\Temp\Rar$EXa13036.30293\plugins\org.eclipse.xtext.util_2.20.0.v20191202-0915.jar;C:\Users\Usuario\AppData\Local\Temp\Rar$EXa13036.30293\plugins\com.google.guava_27.1.0.v20190517-1946.jar;C:\Users\Usuario\AppData\Local\Temp\Rar$EXa13036.30293\plugins\javax.inject_1.0.0.v20091030.jar;C:\Users\Usuario\AppData\Local\Temp\Rar$EXa13036.30293\plugins\org.eclipse.xtext.generator_2.20.0.v20191202-0933.jar;C:\Users\Usuario\AppData\Local\Temp\Rar$EXa13036.30293\plugins\org.eclipse.xtext.xtext.generator_2.20.0.v20191202-0915.jar;C:\Users\Usuario\AppData\Local\Temp\Rar$EXa13036.30293\plugins\org.eclipse.xtext.xbase.lib_2.20.0.v20191202-0907.jar;C:\Users\Usuario\AppData\Local\Temp\Rar$EXa
Launcher Type: SUN_STANDARD

Environment Variables:
PATH=C:/Program Files/Java/jre1.8.0_301/bin/server;C:/Program Files/Java/jre1.8.0_301/bin;C:/Program Files/Java/jre1.8.0_301/lib/amd64;C:\Program Files\WinRAR;C:\Program Files (x86)\Common Files\Oracle\Java\javapath;C:\Windows\system32;C:\Windows;C:\Windows\System32\Wbem;C:\Windows\System32\WindowsPowerShell\v1.0\;C:\Windows\System32\OpenSSH\;C:\Program Files\Git\cmd;C:\Users\Usuario\AppData\Local\Microsoft\WindowsApps;;C:\Users\Usuario\Desktop;
USERNAME=Usuario
OS=Windows_NT
PROCESSOR_IDENTIFIER=AMD64 Family 23 Model 24 Stepping 1, AuthenticAMD



---------------  S Y S T E M  ---------------

OS: Windows 10.0 , 64 bit Build 19041 (10.0.19041.3031)

CPU:total 4 (initial active 4) (4 cores per cpu, 1 threads per core) family 23 model 24 stepping 1, cmov, cx8, fxsr, mmx, sse, sse2, sse3, ssse3, sse4.1, sse4.2, popcnt, avx, avx2, aes, clmul, mmxext, 3dnowpref, lzcnt, sse4a, tsc, tscinvbit, tscinv, bmi1

Memory: 4k page, physical 3605520k(505516k free), swap 14615568k(1456764k free)

vm_info: Java HotSpot(TM) 64-Bit Server VM (25.301-b09) for windows-amd64 JRE (1.8.0_301-b09), built on Jun  9 2021 06:46:21 by "java_re" with MS VC++ 15.9 (VS2017)

time: Thu Jul  6 15:33:30 2023
timezone: Hora estándar de Argentina
elapsed time: 3.538684 seconds (0d 0h 0m 3s)

