JvmtiExport can_access_local_variables 0
JvmtiExport can_hotswap_or_post_breakpoint 0
JvmtiExport can_post_on_exceptions 0
# 207 ciObject found
instanceKlass java/util/AbstractList$1
instanceKlass com/google/common/base/Predicates$1
instanceKlass org/lwjgl/opengl/Sync$1
instanceKlass org/lwjgl/opengl/Sync$RunningAvg
instanceKlass org/lwjgl/opengl/Sync
instanceKlass org/lwjgl/opengl/GL14
instanceKlass org/uqbar/project/wollok/game/VisualComponent$3
instanceKlass org/uqbar/project/wollok/game/gameboard/Gameboard$1
instanceKlass com/badlogic/gdx/files/FileHandle$1
instanceKlass org/uqbar/project/wollok/game/listeners/WollokKeycodeToLibGDX
instanceKlass org/uqbar/project/wollok/game/listeners/KeyboardListener$1
instanceKlass org/uqbar/project/wollok/game/gameboard/Gameboard$2
instanceKlass org/uqbar/project/wollok/game/gameboard/Gameboard$3
instanceKlass org/uqbar/project/wollok/game/listeners/CollisionListener$1
instanceKlass com/badlogic/gdx/backends/lwjgl/LwjglInput$TouchEvent
instanceKlass com/badlogic/gdx/graphics/g2d/GlyphLayout
instanceKlass com/badlogic/gdx/utils/Pool$Poolable
instanceKlass org/lwjgl/opengl/GL20
instanceKlass com/badlogic/gdx/utils/ObjectIntMap
instanceKlass com/badlogic/gdx/graphics/glutils/ShaderProgram
instanceKlass com/badlogic/gdx/graphics/glutils/IndexArray
instanceKlass com/badlogic/gdx/utils/BufferUtils
instanceKlass com/badlogic/gdx/graphics/glutils/VertexArray
instanceKlass com/badlogic/gdx/graphics/Mesh$1
instanceKlass com/badlogic/gdx/graphics/VertexAttributes
instanceKlass com/badlogic/gdx/graphics/VertexAttribute
instanceKlass com/badlogic/gdx/graphics/glutils/IndexData
instanceKlass com/badlogic/gdx/graphics/glutils/VertexData
instanceKlass com/badlogic/gdx/graphics/Mesh
instanceKlass com/badlogic/gdx/graphics/g2d/SpriteBatch
instanceKlass com/badlogic/gdx/graphics/g2d/BitmapFontCache
instanceKlass com/badlogic/gdx/graphics/g2d/BitmapFont$Glyph
instanceKlass com/badlogic/gdx/graphics/g2d/BitmapFont$BitmapFontData
instanceKlass com/badlogic/gdx/graphics/g2d/BitmapFont
instanceKlass com/badlogic/gdx/utils/NumberUtils
instanceKlass com/badlogic/gdx/graphics/g2d/TextureRegion
instanceKlass org/lwjgl/opengl/GLChecks
instanceKlass com/badlogic/gdx/graphics/g2d/Gdx2DPixmap
instanceKlass com/badlogic/gdx/graphics/Pixmap
instanceKlass com/badlogic/gdx/graphics/glutils/FileTextureData
instanceKlass com/badlogic/gdx/graphics/TextureData$Factory
instanceKlass com/badlogic/gdx/assets/AssetLoaderParameters
instanceKlass com/badlogic/gdx/assets/AssetLoaderParameters$LoadedCallback
instanceKlass com/badlogic/gdx/graphics/TextureData
instanceKlass com/badlogic/gdx/graphics/GLTexture
instanceKlass com/badlogic/gdx/graphics/g2d/NinePatch
instanceKlass com/badlogic/gdx/graphics/g2d/Batch
instanceKlass org/uqbar/project/wollok/game/gameboard/Window
instanceKlass com/badlogic/gdx/math/collision/Ray
instanceKlass com/badlogic/gdx/math/Plane
instanceKlass com/badlogic/gdx/math/Frustum
instanceKlass com/badlogic/gdx/math/Quaternion
instanceKlass com/badlogic/gdx/math/Matrix4
instanceKlass com/badlogic/gdx/math/Vector3
instanceKlass com/badlogic/gdx/math/Vector
instanceKlass com/badlogic/gdx/graphics/Camera
instanceKlass org/uqbar/project/wollok/game/gameboard/GameboardInputProcessor
instanceKlass com/badlogic/gdx/backends/lwjgl/LwjglGL20
instanceKlass com/badlogic/gdx/graphics/glutils/GLVersion
instanceKlass org/lwjgl/input/Controllers
instanceKlass org/lwjgl/opengl/ReferencesStack
instanceKlass org/lwjgl/opengl/Util
instanceKlass org/lwjgl/opengl/GL30
instanceKlass org/lwjgl/opengl/GL11
instanceKlass org/lwjgl/opengl/StateStack
instanceKlass org/lwjgl/opengl/FastIntMap$Entry
instanceKlass org/lwjgl/opengl/FastIntMap
instanceKlass org/lwjgl/opengl/BaseReferences
instanceKlass org/lwjgl/opengl/StateTracker
instanceKlass org/lwjgl/opengl/APIUtil
instanceKlass org/lwjgl/opengl/ContextCapabilities
instanceKlass org/lwjgl/opengl/WindowsContextImplementation
instanceKlass org/lwjgl/opengl/ContextImplementation
instanceKlass org/lwjgl/opengl/ContextGL
instanceKlass org/lwjgl/opengl/WindowsKeyboard
instanceKlass org/lwjgl/opengl/EventQueue
instanceKlass org/lwjgl/opengl/WindowsMouse
instanceKlass org/lwjgl/opengles/ContextAttribs
instanceKlass org/lwjgl/input/OpenGLPackageAccess$2
instanceKlass org/lwjgl/opengl/Display$7
instanceKlass org/lwjgl/opengl/GLContext$CapabilitiesCacheEntry
instanceKlass org/lwjgl/opengl/GLContext
instanceKlass org/lwjgl/opengl/Display$4
instanceKlass org/lwjgl/opengl/Display$3
instanceKlass org/lwjgl/opengl/WindowsFileVersion
instanceKlass org/lwjgl/opengl/ContextAttribs
instanceKlass org/lwjgl/opengl/PixelFormat
instanceKlass org/lwjgl/opengl/DisplayMode
instanceKlass java/awt/Component
instanceKlass java/awt/MenuContainer
instanceKlass java/awt/image/ImageObserver
instanceKlass javax/accessibility/Accessible
instanceKlass org/lwjgl/opengl/WindowsDisplay$Rect
instanceKlass java/awt/event/FocusAdapter
instanceKlass java/awt/event/FocusListener
instanceKlass org/lwjgl/opengl/PeerInfo
instanceKlass org/lwjgl/opengl/WindowsDisplay
instanceKlass java/awt/event/ComponentAdapter
instanceKlass java/awt/event/ComponentListener
instanceKlass org/lwjgl/opengl/DrawableGLES
instanceKlass org/lwjgl/opengl/PixelFormatLWJGL
instanceKlass org/lwjgl/opengl/DrawableGL
instanceKlass org/lwjgl/opengl/DrawableLWJGL
instanceKlass org/lwjgl/opengl/Drawable
instanceKlass org/lwjgl/opengl/Context
instanceKlass org/lwjgl/opengl/DisplayImplementation
instanceKlass org/lwjgl/opengl/InputImplementation
instanceKlass org/lwjgl/opengl/Display
instanceKlass com/badlogic/gdx/Gdx
instanceKlass java/util/concurrent/LinkedBlockingQueue$Node
instanceKlass java/util/concurrent/locks/AbstractQueuedSynchronizer$ConditionObject
instanceKlass java/util/concurrent/locks/Condition
instanceKlass java/util/concurrent/BlockingQueue
instanceKlass java/util/concurrent/ThreadPoolExecutor$AbortPolicy
instanceKlass java/util/concurrent/RejectedExecutionHandler
instanceKlass java/util/concurrent/AbstractExecutorService
instanceKlass java/util/concurrent/ExecutorService
instanceKlass java/util/concurrent/Executor
instanceKlass java/util/concurrent/Executors
instanceKlass com/badlogic/gdx/utils/async/AsyncExecutor$1
instanceKlass java/util/concurrent/Callable
instanceKlass java/util/concurrent/ThreadFactory
instanceKlass com/badlogic/gdx/utils/async/AsyncExecutor
instanceKlass com/badlogic/gdx/utils/async/AsyncTask
instanceKlass com/badlogic/gdx/net/NetJavaImpl
instanceKlass com/badlogic/gdx/net/Socket
instanceKlass com/badlogic/gdx/net/ServerSocket
instanceKlass com/badlogic/gdx/backends/lwjgl/LwjglNet
instanceKlass org/lwjgl/input/Mouse$1
instanceKlass org/lwjgl/input/Mouse
instanceKlass org/lwjgl/opengl/GlobalLock
instanceKlass org/lwjgl/input/OpenGLPackageAccess$1
instanceKlass org/lwjgl/input/OpenGLPackageAccess
instanceKlass org/lwjgl/input/Keyboard$KeyEvent
instanceKlass org/lwjgl/input/Keyboard
instanceKlass com/badlogic/gdx/utils/IntSet
instanceKlass com/badlogic/gdx/utils/Pool
instanceKlass com/badlogic/gdx/backends/lwjgl/LwjglInput
instanceKlass com/badlogic/gdx/backends/lwjgl/LwjglFiles
instanceKlass com/badlogic/gdx/utils/IntMap
instanceKlass com/badlogic/gdx/utils/LongMap
instanceKlass com/badlogic/gdx/utils/IntArray
instanceKlass org/lwjgl/openal/EFX10
instanceKlass org/lwjgl/MemoryUtil$CharSequenceNT
instanceKlass org/lwjgl/openal/AL11
instanceKlass org/lwjgl/BufferChecks
instanceKlass org/lwjgl/openal/ALC11
instanceKlass org/lwjgl/openal/Util
instanceKlass org/lwjgl/openal/ALCcontext
instanceKlass org/lwjgl/openal/ALCdevice
instanceKlass org/lwjgl/MemoryUtilSun$AccessorReflectFast
instanceKlass org/lwjgl/MemoryUtilSun
instanceKlass org/lwjgl/MemoryUtilSun$AccessorUnsafe
instanceKlass org/lwjgl/MemoryUtil$Accessor
instanceKlass org/lwjgl/MemoryUtil
instanceKlass org/lwjgl/openal/ALC10
instanceKlass org/lwjgl/openal/AL10
instanceKlass org/lwjgl/LWJGLUtil$3
instanceKlass org/lwjgl/PointerWrapper
instanceKlass org/lwjgl/Sys$1
instanceKlass org/lwjgl/DefaultSysImplementation
instanceKlass org/lwjgl/LWJGLUtil$2
instanceKlass org/lwjgl/LWJGLUtil$4
instanceKlass java/nio/DirectByteBuffer$Deallocator
instanceKlass org/lwjgl/BufferUtils
instanceKlass org/lwjgl/LWJGLUtil
instanceKlass org/lwjgl/SysImplementation
instanceKlass org/lwjgl/Sys
instanceKlass org/lwjgl/openal/AL
instanceKlass com/badlogic/gdx/backends/lwjgl/audio/OpenALSound
instanceKlass com/badlogic/gdx/backends/lwjgl/audio/OpenALMusic
instanceKlass com/badlogic/gdx/audio/AudioDevice
instanceKlass com/badlogic/gdx/audio/Sound
instanceKlass com/badlogic/gdx/audio/AudioRecorder
instanceKlass com/badlogic/gdx/audio/Music
instanceKlass com/badlogic/gdx/backends/lwjgl/audio/OpenALAudio
instanceKlass com/badlogic/gdx/backends/lwjgl/LwjglApplicationLogger
instanceKlass sun/nio/fs/BasicFileAttributesHolder
instanceKlass sun/nio/fs/WindowsDirectoryStream$WindowsDirectoryIterator
instanceKlass sun/nio/fs/WindowsFileAttributes
instanceKlass java/nio/file/attribute/DosFileAttributes
instanceKlass java/nio/file/attribute/BasicFileAttributes
instanceKlass sun/nio/fs/NativeBuffer$Deallocator
instanceKlass sun/nio/fs/NativeBuffer
instanceKlass sun/nio/fs/NativeBuffers
instanceKlass sun/nio/fs/WindowsNativeDispatcher$BackupResult
instanceKlass sun/nio/fs/WindowsNativeDispatcher$CompletionStatus
instanceKlass sun/nio/fs/WindowsNativeDispatcher$AclInformation
instanceKlass sun/nio/fs/WindowsNativeDispatcher$Account
instanceKlass sun/nio/fs/WindowsNativeDispatcher$DiskFreeSpace
instanceKlass sun/nio/fs/WindowsNativeDispatcher$VolumeInformation
instanceKlass sun/nio/fs/WindowsNativeDispatcher$FirstStream
instanceKlass sun/nio/fs/WindowsNativeDispatcher$FirstFile
instanceKlass sun/nio/fs/WindowsNativeDispatcher$1
instanceKlass sun/nio/fs/WindowsNativeDispatcher
instanceKlass sun/nio/fs/WindowsDirectoryStream
instanceKlass java/nio/file/DirectoryStream
instanceKlass java/nio/file/Files$AcceptAllFilter
instanceKlass java/nio/file/DirectoryStream$Filter
instanceKlass java/nio/file/Files
instanceKlass sun/nio/fs/AbstractPath
instanceKlass sun/nio/fs/Util
instanceKlass sun/nio/fs/WindowsPathParser$Result
instanceKlass sun/nio/fs/WindowsPathParser
instanceKlass java/nio/file/FileSystem
instanceKlass java/nio/file/spi/FileSystemProvider
instanceKlass sun/nio/fs/DefaultFileSystemProvider
instanceKlass java/nio/file/FileSystems$DefaultFileSystemHolder$1
instanceKlass java/nio/file/FileSystems$DefaultFileSystemHolder
instanceKlass java/nio/file/FileSystems
instanceKlass java/net/NetworkInterface$2
instanceKlass java/net/DefaultInterface
instanceKlass java/net/Inet6Address$Inet6AddressHolder
instanceKlass java/net/InetAddress$2
instanceKlass sun/net/spi/nameservice/NameService
instanceKlass java/net/Inet6AddressImpl
instanceKlass java/net/InetAddressImpl
instanceKlass java/net/InetAddressImplFactory
instanceKlass java/net/InetAddress$Cache
instanceKlass java/net/InetAddress$InetAddressHolder
instanceKlass java/net/InetAddress$1
instanceKlass java/net/InetAddress
instanceKlass java/net/InterfaceAddress
instanceKlass java/net/NetworkInterface$1
instanceKlass java/net/NetworkInterface
instanceKlass sun/security/provider/SeedGenerator$1
instanceKlass sun/security/provider/SeedGenerator
instanceKlass sun/security/provider/SecureRandom$SeederHolder
instanceKlass java/security/SecureRandomSpi
instanceKlass java/util/UUID$Holder
instanceKlass java/util/UUID
instanceKlass com/badlogic/gdx/utils/StreamUtils
instanceKlass com/badlogic/gdx/utils/SharedLibraryLoader
instanceKlass com/badlogic/gdx/utils/GdxNativesLoader
instanceKlass com/badlogic/gdx/backends/lwjgl/LwjglNativesLoader
instanceKlass java/util/Random
instanceKlass com/badlogic/gdx/math/MathUtils
instanceKlass java/lang/StrictMath
instanceKlass com/badlogic/gdx/utils/ObjectMap
instanceKlass com/badlogic/gdx/utils/reflect/ArrayReflection
instanceKlass com/badlogic/gdx/LifecycleListener
instanceKlass com/badlogic/gdx/Graphics$BufferFormat
instanceKlass com/badlogic/gdx/Graphics$Monitor
instanceKlass com/badlogic/gdx/graphics/GL30
instanceKlass com/badlogic/gdx/graphics/GL20
instanceKlass com/badlogic/gdx/graphics/Cursor
instanceKlass com/badlogic/gdx/utils/Disposable
instanceKlass com/badlogic/gdx/backends/lwjgl/LwjglGraphics
instanceKlass com/badlogic/gdx/utils/Array
instanceKlass com/badlogic/gdx/Graphics$DisplayMode
instanceKlass com/badlogic/gdx/InputProcessor
instanceKlass org/uqbar/project/wollok/game/gameboard/GameboardRendering
instanceKlass com/badlogic/gdx/ApplicationListener
instanceKlass com/badlogic/gdx/backends/lwjgl/LwjglApplicationConfiguration
instanceKlass com/badlogic/gdx/utils/Clipboard
instanceKlass com/badlogic/gdx/Preferences
instanceKlass com/badlogic/gdx/files/FileHandle
instanceKlass com/badlogic/gdx/Net
instanceKlass com/badlogic/gdx/Input
instanceKlass com/badlogic/gdx/Files
instanceKlass com/badlogic/gdx/Audio
instanceKlass com/badlogic/gdx/Graphics
instanceKlass com/badlogic/gdx/ApplicationLogger
instanceKlass com/badlogic/gdx/backends/lwjgl/LwjglApplication
instanceKlass com/badlogic/gdx/Application
instanceKlass org/uqbar/project/wollok/game/helpers/Application
instanceKlass org/uqbar/project/wollok/game/GameSize
instanceKlass org/uqbar/project/wollok/game/gameboard/FullBackground$1
instanceKlass org/uqbar/project/wollok/game/TextureSize
instanceKlass org/uqbar/project/wollok/game/ImageSize
instanceKlass org/uqbar/project/wollok/game/Image
instanceKlass org/uqbar/project/wollok/game/gameboard/FullBackground
instanceKlass wollok/vm/RuntimeObject
instanceKlass org/uqbar/project/wollok/game/helpers/Keyboard
instanceKlass wollok/game/GameObject$4
instanceKlass org/uqbar/project/wollok/model/WMethodContainerExtensions$53
instanceKlass wollok/lang/Closure$1
instanceKlass wollok/lang/Closure$2
instanceKlass wollok/lang/WCollection$1
instanceKlass java/util/Collections$UnmodifiableMap$UnmodifiableEntrySet$UnmodifiableEntry
instanceKlass java/util/Collections$UnmodifiableMap$UnmodifiableEntrySet$1
instanceKlass org/uqbar/project/wollok/interpreter/natives/DefaultNativeObjectFactory$4
instanceKlass org/uqbar/project/wollok/interpreter/WollokInterpreterEvaluator$16$1
instanceKlass org/uqbar/project/wollok/interpreter/WollokInterpreterEvaluator$16
instanceKlass wollok/lang/WCollection
instanceKlass org/uqbar/project/wollok/model/WMethodContainerExtensions$45
instanceKlass wollok/game/GameObject$6
instanceKlass org/uqbar/project/wollok/lib/WollokSDKExtensions
instanceKlass wollok/game/GameObject$10
instanceKlass org/uqbar/project/wollok/interpreter/WollokInterpreterEvaluator$15
instanceKlass wollok/lang/Closure
instanceKlass org/uqbar/project/wollok/interpreter/nativeobj/NodeAware
instanceKlass com/badlogic/gdx/graphics/Color
instanceKlass org/uqbar/project/wollok/game/helpers/WollokConventionExtensions
instanceKlass org/uqbar/project/wollok/interpreter/core/WollokObject$3
instanceKlass org/uqbar/project/wollok/interpreter/WollokInterpreterEvaluator$20
instanceKlass org/uqbar/project/wollok/interpreter/WollokInterpreterEvaluator$13
instanceKlass org/eclipse/xtext/resource/impl/EObjectDescriptionLookUp$4
instanceKlass org/uqbar/project/wollok/interpreter/core/WollokObject$1
instanceKlass org/uqbar/project/wollok/interpreter/core/WollokObject$5
instanceKlass org/uqbar/project/wollok/interpreter/operation/WollokDeclarativeNativeBasicOperations$2
instanceKlass java/time/LocalDate
instanceKlass java/time/chrono/ChronoLocalDate
instanceKlass java/time/temporal/TemporalAdjuster
instanceKlass java/time/temporal/Temporal
instanceKlass java/time/temporal/TemporalAccessor
instanceKlass org/uqbar/project/wollok/interpreter/WollokInterpreterEvaluator$17$1
instanceKlass org/uqbar/project/wollok/interpreter/WollokInterpreterEvaluator$17
instanceKlass org/uqbar/project/wollok/interpreter/operation/WollokDeclarativeNativeBasicOperations$3
instanceKlass org/uqbar/project/wollok/interpreter/operation/BinaryOperation
instanceKlass org/uqbar/project/wollok/interpreter/operation/WollokDeclarativeNativeBasicOperations$1
instanceKlass org/uqbar/project/wollok/scoping/WollokDslScopeProvider$3
instanceKlass org/uqbar/project/wollok/scoping/WollokDslScopeProvider$2
instanceKlass org/uqbar/project/wollok/model/WollokModelExtensions$20
instanceKlass org/uqbar/project/wollok/utils/WollokObjectUtils
instanceKlass java/math/BigDecimal$StringBuilderHelper
instanceKlass org/uqbar/project/wollok/interpreter/nativeobj/PlainPrintingStrategy
instanceKlass org/uqbar/project/wollok/interpreter/nativeobj/DecimalPrintingStrategy
instanceKlass org/uqbar/project/wollok/interpreter/nativeobj/NumberPrintingStrategy
instanceKlass org/uqbar/project/wollok/interpreter/nativeobj/NumberCoercingStrategy
instanceKlass org/uqbar/project/wollok/interpreter/nativeobj/WollokNumbersPreferences
instanceKlass java/math/MathContext
instanceKlass org/uqbar/project/wollok/game/gameboard/Background
instanceKlass org/uqbar/project/wollok/interpreter/core/WollokObject$7
instanceKlass org/uqbar/project/wollok/interpreter/nativeobj/WollokJavaConversions
instanceKlass org/uqbar/project/wollok/ui/utils/XTendUtilExtensions$8
instanceKlass org/uqbar/project/wollok/ui/utils/XTendUtilExtensions
instanceKlass org/uqbar/project/wollok/interpreter/nativeobj/AbstractWollokDeclarativeNativeObject$2
instanceKlass org/uqbar/project/wollok/interpreter/nativeobj/NativeMessage
instanceKlass org/uqbar/project/wollok/game/gameboard/Gameboard
instanceKlass org/uqbar/project/wollok/interpreter/nativeobj/AbstractWollokDeclarativeNativeObject$1
instanceKlass org/uqbar/project/wollok/model/WMethodContainerExtensions$49
instanceKlass org/uqbar/project/wollok/interpreter/core/WollokObject$6
instanceKlass org/uqbar/project/wollok/interpreter/WollokInterpreterEvaluator$6
instanceKlass org/uqbar/project/wollok/interpreter/WollokInterpreterEvaluator$10
instanceKlass org/uqbar/project/wollok/interpreter/api/WollokInterpreterAccess
instanceKlass wollok/lang/AbstractJavaWrapper
instanceKlass org/uqbar/project/wollok/interpreter/nativeobj/JavaWrapper
instanceKlass org/uqbar/project/wollok/interpreter/WollokInterpreterEvaluator$14
instanceKlass org/uqbar/project/wollok/interpreter/stack/ObservableStack$2
instanceKlass org/uqbar/project/wollok/model/WMethodContainerExtensions$21
instanceKlass org/uqbar/project/wollok/interpreter/WollokInterpreter$7
instanceKlass org/uqbar/project/wollok/interpreter/WollokClassFinder$4
instanceKlass org/uqbar/project/wollok/interpreter/WollokClassFinder$3
instanceKlass org/uqbar/project/wollok/sdk/WollokSDK
instanceKlass org/uqbar/project/wollok/model/WollokModelExtensions$19
instanceKlass org/uqbar/project/wollok/interpreter/core/WollokObject$8$1
instanceKlass org/uqbar/project/wollok/interpreter/core/WollokObject$8
instanceKlass org/uqbar/project/wollok/interpreter/WollokInterpreterEvaluator$19
instanceKlass org/uqbar/project/wollok/interpreter/WollokInterpreterEvaluator$2
instanceKlass org/uqbar/project/wollok/interpreter/WollokSourcecodeLocator$1
instanceKlass org/uqbar/project/wollok/interpreter/AbstractWollokCallable$1
instanceKlass org/uqbar/project/wollok/interpreter/context/CompositeEvaluationContext
instanceKlass org/uqbar/project/wollok/interpreter/context/EvaluationContextExtensions
instanceKlass org/eclipse/emf/common/util/ECollections$BasicEmptyUnmodifiableEList$1
instanceKlass org/eclipse/emf/common/util/ECollections$BasicEmptyUnmodifiableEList
instanceKlass org/eclipse/emf/common/util/ECollections
instanceKlass org/uqbar/project/wollok/model/WollokModelExtensions$2
instanceKlass org/uqbar/project/wollok/model/WMethodContainerExtensions$28
instanceKlass org/uqbar/project/wollok/model/WMethodContainerExtensions$27
instanceKlass org/uqbar/project/wollok/model/WMethodContainerExtensions$26
instanceKlass org/uqbar/project/wollok/interpreter/WollokInterpreterEvaluator$12
instanceKlass org/uqbar/project/wollok/model/WNamedParametersExtensions$1
instanceKlass java/util/LinkedList$ListItr
instanceKlass org/uqbar/project/wollok/interpreter/WollokClassFinder$2
instanceKlass org/uqbar/project/wollok/scoping/WollokGlobalScopeProvider$1
instanceKlass org/uqbar/project/wollok/interpreter/WollokClassFinder$1
instanceKlass org/uqbar/project/wollok/model/WMethodContainerExtensions$50
instanceKlass org/uqbar/project/wollok/model/WNamedParametersExtensions$2
instanceKlass org/uqbar/project/wollok/model/WNamedParametersExtensions
instanceKlass org/eclipse/xtext/xbase/lib/Exceptions
instanceKlass org/uqbar/project/wollok/game/Position
instanceKlass org/uqbar/project/wollok/game/VisualComponent
instanceKlass org/uqbar/project/wollok/game/listeners/GameboardListener
instanceKlass wollok/game/GameObject
instanceKlass org/eclipse/xtext/xbase/lib/StringExtensions
instanceKlass org/uqbar/project/wollok/interpreter/WollokInterpreterEvaluator$8
instanceKlass org/uqbar/project/wollok/interpreter/natives/DefaultNativeObjectFactory$3
instanceKlass org/uqbar/project/wollok/interpreter/natives/DefaultNativeObjectFactory$2
instanceKlass org/uqbar/project/wollok/interpreter/natives/DefaultNativeObjectFactory$1
instanceKlass wollok/lang/WObject
instanceKlass org/uqbar/project/wollok/model/WMethodContainerExtensions$15
instanceKlass org/uqbar/project/wollok/model/WollokModelExtensions$5
instanceKlass org/uqbar/project/wollok/interpreter/WollokInterpreterEvaluator$9
instanceKlass org/uqbar/project/wollok/scoping/cache/MapBasedCacheContent$1
instanceKlass org/apache/commons/collections/map/AbstractLinkedMap$LinkIterator
instanceKlass org/uqbar/project/wollok/model/WMethodContainerExtensions$46
instanceKlass org/uqbar/project/wollok/interpreter/WollokInterpreterEvaluator$11
instanceKlass org/uqbar/project/wollok/interpreter/WollokInterpreterEvaluator$21
instanceKlass org/uqbar/project/wollok/interpreter/context/WVariable
instanceKlass org/eclipse/xtext/resource/containers/FilterUriContainer$2
instanceKlass org/eclipse/xtext/resource/impl/AbstractCompoundSelectable$4
instanceKlass org/eclipse/xtext/scoping/impl/AbstractScope$ParentIterable
instanceKlass org/eclipse/xtext/scoping/impl/AbstractScope$2
instanceKlass org/eclipse/xtext/linking/impl/ImportedNamesAdapter$WrappingScope$1
instanceKlass org/eclipse/xtext/scoping/impl/MultimapBasedSelectable$1
instanceKlass org/uqbar/project/wollok/scoping/WollokImportScope$4
instanceKlass org/uqbar/project/wollok/scoping/WollokImportScope$5
instanceKlass org/uqbar/project/wollok/scoping/WollokImportScope$3
instanceKlass org/uqbar/project/wollok/scoping/WollokImportScope$2
instanceKlass org/eclipse/xtext/scoping/impl/AbstractScope$4
instanceKlass org/eclipse/xtext/scoping/impl/AbstractScope$1
instanceKlass org/uqbar/project/wollok/utils/XTextExtensions
instanceKlass org/uqbar/project/wollok/scoping/WollokDslScopeProvider$4
instanceKlass org/uqbar/project/wollok/scoping/WollokDslScopeProvider$5
instanceKlass org/uqbar/project/wollok/scoping/WollokDslScopeProvider$1
instanceKlass org/uqbar/project/wollok/scoping/WollokImportedNamespaceAwareLocalScopeProvider$8$1
instanceKlass com/google/common/collect/LinkedHashMultimap$ValueSetLink
instanceKlass com/google/common/collect/SetMultimap
instanceKlass org/eclipse/xtext/scoping/Scopes$2
instanceKlass org/eclipse/xtext/scoping/Scopes
instanceKlass org/uqbar/project/wollok/scoping/WollokImportedNamespaceAwareLocalScopeProvider$8
instanceKlass org/eclipse/emf/common/util/SegmentSequence$Builder
instanceKlass org/eclipse/xtext/resource/impl/EObjectDescriptionLookUp$1
instanceKlass org/eclipse/xtext/resource/IResourceServiceProvider$Provider
instanceKlass org/uqbar/project/wollok/scoping/WollokImportedNamespaceAwareLocalScopeProvider$7
instanceKlass org/uqbar/project/wollok/scoping/WollokScopeExtensions$1
instanceKlass org/uqbar/project/wollok/scoping/WollokScopeExtensions$2
instanceKlass org/eclipse/xtext/resource/containers/FilterUriContainer$3
instanceKlass org/eclipse/xtext/resource/containers/StateBasedContainer$1
instanceKlass org/eclipse/xtext/resource/impl/AbstractCompoundSelectable$2
instanceKlass org/eclipse/xtext/resource/impl/ResourceSetBasedResourceDescriptions$1
instanceKlass org/uqbar/project/wollok/scoping/WollokScopeExtensions$3
instanceKlass org/uqbar/project/wollok/utils/ReflectionExtensions$1
instanceKlass org/uqbar/project/wollok/utils/ReflectionExtensions
instanceKlass org/uqbar/project/wollok/scoping/WollokScopeExtensions
instanceKlass org/uqbar/project/wollok/utils/XtendExtensions
instanceKlass org/uqbar/project/wollok/scoping/WollokImportedNamespaceAwareLocalScopeProvider$6
instanceKlass org/uqbar/project/wollok/scoping/WollokImportedNamespaceAwareLocalScopeProvider$5
instanceKlass org/uqbar/project/wollok/scoping/WollokImportedNamespaceAwareLocalScopeProvider$4
instanceKlass org/uqbar/project/wollok/scoping/WollokImportedNamespaceAwareLocalScopeProvider$3
instanceKlass org/uqbar/project/wollok/scoping/WollokImportedNamespaceAwareLocalScopeProvider$2
instanceKlass org/eclipse/xtext/linking/impl/ImportedNamesAdapter$WrappingScope
instanceKlass org/eclipse/xtext/resource/IResourceDescription$Event$Source
instanceKlass org/eclipse/xtext/resource/IResourceDescription$Event$Listener
instanceKlass org/eclipse/xtext/resource/containers/ContainerState
instanceKlass org/eclipse/xtext/resource/IShadowedResourceDescriptions
instanceKlass org/eclipse/xtext/resource/AbstractEObjectDescription
instanceKlass org/eclipse/xtext/naming/DefaultDeclarativeQualifiedNameProvider$$Lambda$3
instanceKlass org/eclipse/xtext/resource/impl/DefaultResourceDescription$1
instanceKlass org/eclipse/xtext/resource/impl/EObjectDescriptionLookUp
instanceKlass org/eclipse/xtext/resource/impl/DefaultResourceDescription$4
instanceKlass org/eclipse/xtext/resource/impl/DefaultReferenceDescription
instanceKlass org/eclipse/xtext/resource/impl/AbstractResourceDescription
instanceKlass org/eclipse/xtext/resource/impl/DefaultResourceDescriptionManager$1
instanceKlass org/eclipse/xtext/nodemodel/impl/AbstractNode$1
instanceKlass org/uqbar/project/wollok/libraries/WollokLibExtensions
instanceKlass org/uqbar/project/wollok/scoping/WollokResourceCache
instanceKlass org/uqbar/project/wollok/libraries/WollokManifest$1
instanceKlass org/eclipse/core/runtime/IStatus
instanceKlass org/eclipse/core/runtime/Plugin
instanceKlass org/osgi/framework/BundleActivator
instanceKlass org/uqbar/project/wollok/libraries/AbstractWollokLib$1
instanceKlass org/uqbar/project/wollok/scoping/WollokGlobalScopeProvider$5$1
instanceKlass org/uqbar/project/wollok/scoping/cache/MapBasedCacheContent
instanceKlass org/uqbar/project/wollok/scoping/WollokGlobalScopeProvider$8
instanceKlass org/uqbar/project/wollok/scoping/WollokGlobalScopeProvider$7
instanceKlass org/uqbar/project/wollok/scoping/WollokGlobalScopeProvider$6
instanceKlass org/uqbar/project/wollok/scoping/WollokGlobalScopeProvider$5
instanceKlass org/eclipse/xtext/xbase/lib/IntegerRange$RangeIterator
instanceKlass org/eclipse/xtext/xbase/lib/IntegerRange
instanceKlass org/uqbar/project/wollok/scoping/WollokImportedNamespaceAwareLocalScopeProvider$1
instanceKlass com/google/common/base/Joiner
instanceKlass org/eclipse/xtext/xbase/lib/IterableExtensions$2
instanceKlass org/uqbar/project/wollok/scoping/root/WollokRootLocator
instanceKlass org/uqbar/project/wollok/WollokConstants
instanceKlass org/uqbar/project/wollok/model/ResourceUtils
instanceKlass org/uqbar/project/wollok/scoping/WollokGlobalScopeProvider$4
instanceKlass org/eclipse/xtext/xbase/lib/ListExtensions
instanceKlass org/uqbar/project/wollok/libraries/JarWollokLibraries$1
instanceKlass org/uqbar/project/wollok/libraries/BasicWollokLibraryLoader$1
instanceKlass org/uqbar/project/wollok/scoping/WollokGlobalScopeProvider$2
instanceKlass com/google/common/collect/Iterators$ConcatenatedIterator
instanceKlass com/google/common/collect/Iterables$10
instanceKlass com/google/common/collect/TransformedIterator
instanceKlass org/uqbar/project/wollok/model/WollokModelExtensions$25
instanceKlass org/uqbar/project/wollok/model/WollokModelExtensions$24
instanceKlass org/uqbar/project/wollok/model/WollokModelExtensions$23
instanceKlass org/eclipse/xtext/xbase/lib/IteratorExtensions$1
instanceKlass org/eclipse/xtext/xbase/lib/internal/FunctionDelegate
instanceKlass org/uqbar/project/wollok/scoping/WollokGlobalScopeProvider$3
instanceKlass java/lang/invoke/LambdaForm$MH
instanceKlass com/google/common/collect/Iterables$4$$Lambda$2
instanceKlass java/lang/invoke/LambdaForm$DMH
instanceKlass org/eclipse/xtext/xbase/lib/internal/BooleanFunctionDelegate
instanceKlass org/uqbar/project/wollok/scoping/cache/MapBasedWollokGlobalScopeCache$2
instanceKlass org/uqbar/project/wollok/scoping/cache/MapBasedWollokGlobalScopeCache$1
instanceKlass org/apache/commons/collections/iterators/AbstractEmptyIterator
instanceKlass org/apache/commons/collections/ResettableIterator
instanceKlass org/eclipse/xtext/scoping/IScope$1
instanceKlass org/eclipse/xtext/util/PolymorphicDispatcher$Predicates
instanceKlass org/eclipse/xtext/linking/lazy/LazyLinkingResource$1
instanceKlass org/uqbar/project/wollok/model/WollokModelExtensions
instanceKlass org/uqbar/project/wollok/interpreter/WollokInterpreterEvaluator$1
instanceKlass com/google/common/base/ExtraObjectsMethodsForWeb
instanceKlass org/uqbar/project/wollok/interpreter/WollokInterpreter$8
instanceKlass org/uqbar/project/wollok/model/FlowControlExtensions
instanceKlass org/uqbar/project/wollok/interpreter/WollokInterpreter$9
instanceKlass org/uqbar/project/wollok/interpreter/stack/ObservableStack$1
instanceKlass org/uqbar/project/xtext/utils/SourceCodeExtensions$1
instanceKlass org/uqbar/project/wollok/interpreter/stack/SourceCodeLocation
instanceKlass org/eclipse/xtext/util/LineAndColumn
instanceKlass org/uqbar/project/xtext/utils/SourceCodeExtensions
instanceKlass org/uqbar/project/wollok/interpreter/WollokSourcecodeLocator
instanceKlass org/uqbar/project/wollok/interpreter/nativeobj/AbstractWollokDeclarativeNativeObject
instanceKlass org/eclipse/xtext/xbase/lib/Pair
instanceKlass org/uqbar/project/wollok/interpreter/operation/WollokDeclarativeNativeUnaryOperations
instanceKlass org/uqbar/project/wollok/interpreter/operation/WollokDeclarativeNativeBasicOperations
instanceKlass com/google/common/collect/AbstractMapBasedMultimap$KeySet$1
instanceKlass org/eclipse/xtext/nodemodel/impl/SyntheticCompositeNode
instanceKlass org/eclipse/xtext/util/Tuples
instanceKlass org/eclipse/xtext/util/concurrent/IUnitOfWork$Void
instanceKlass org/eclipse/xtext/diagnostics/Diagnostic
instanceKlass org/eclipse/xtext/diagnostics/AbstractDiagnosticProducer
instanceKlass org/eclipse/xtext/resource/impl/ListBasedDiagnosticConsumer
instanceKlass org/eclipse/xtext/parser/ParseResult
instanceKlass org/eclipse/xtext/parser/antlr/XtextTokenStream$MyHiddenTokens
instanceKlass java/lang/invoke/LambdaForm$MH
instanceKlass java/lang/invoke/LambdaForm$MH
instanceKlass java/lang/invoke/InnerClassLambdaMetafactory$1
instanceKlass org/eclipse/xtext/nodemodel/impl/GrammarElementsInterner$$Lambda$1
instanceKlass java/lang/invoke/InfoFromMemberName
instanceKlass java/lang/invoke/MethodHandleInfo
instanceKlass sun/security/util/SecurityConstants
instanceKlass java/security/AccessController$1
instanceKlass java/lang/invoke/AbstractValidatingLambdaMetafactory
instanceKlass java/lang/invoke/LambdaForm$BMH
instanceKlass java/lang/invoke/LambdaForm$BMH
instanceKlass java/lang/invoke/LambdaForm$BMH
instanceKlass java/lang/invoke/LambdaForm$BMH
instanceKlass jdk/internal/org/objectweb/asm/FieldVisitor
instanceKlass java/lang/invoke/BoundMethodHandle$Factory$1
instanceKlass java/lang/invoke/BoundMethodHandle$SpeciesData$1
instanceKlass java/lang/invoke/LambdaForm$BMH
instanceKlass java/lang/invoke/LambdaForm$MH
instanceKlass java/lang/invoke/LambdaForm$BMH
instanceKlass java/lang/invoke/LambdaForm$MH
instanceKlass java/lang/invoke/LambdaForm$DMH
instanceKlass java/lang/invoke/LambdaForm$DMH
instanceKlass java/lang/invoke/LambdaForm$BMH
instanceKlass java/lang/invoke/LambdaForm$BMH
instanceKlass java/lang/invoke/LambdaForm$MH
instanceKlass java/lang/invoke/LambdaFormBuffer
instanceKlass java/lang/invoke/LambdaFormEditor
instanceKlass java/lang/invoke/LambdaForm$BMH
instanceKlass java/lang/invoke/LambdaForm$DMH
instanceKlass java/lang/invoke/LambdaForm$DMH
instanceKlass java/lang/invoke/LambdaForm$DMH
instanceKlass java/lang/invoke/LambdaForm$DMH
instanceKlass java/lang/invoke/LambdaForm$MH
instanceKlass java/lang/invoke/LambdaForm$DMH
instanceKlass java/lang/invoke/LambdaForm$DMH
instanceKlass java/lang/invoke/LambdaForm$MH
instanceKlass java/lang/invoke/LambdaForm$DMH
instanceKlass java/lang/invoke/LambdaForm$DMH
instanceKlass java/lang/invoke/LambdaForm$MH
instanceKlass java/lang/invoke/LambdaForm$DMH
instanceKlass java/lang/invoke/LambdaForm$DMH
instanceKlass java/lang/invoke/LambdaForm$MH
instanceKlass java/lang/invoke/LambdaForm$DMH
instanceKlass java/lang/invoke/LambdaForm$DMH
instanceKlass java/lang/invoke/LambdaForm$MH
instanceKlass java/lang/invoke/LambdaForm$DMH
instanceKlass java/lang/invoke/LambdaForm$MH
instanceKlass java/lang/invoke/LambdaForm$DMH
instanceKlass java/lang/invoke/LambdaForm$DMH
instanceKlass java/lang/invoke/LambdaForm$MH
instanceKlass java/lang/invoke/LambdaForm$DMH
instanceKlass java/lang/invoke/LambdaForm$DMH
instanceKlass java/lang/invoke/LambdaForm$MH
instanceKlass java/lang/invoke/LambdaForm$DMH
instanceKlass java/lang/invoke/LambdaForm$MH
instanceKlass java/lang/invoke/LambdaForm$DMH
instanceKlass java/lang/invoke/LambdaForm$MH
instanceKlass java/lang/invoke/LambdaForm$DMH
instanceKlass java/lang/invoke/LambdaForm$DMH
instanceKlass java/lang/invoke/MethodHandleImpl$Lazy
instanceKlass java/lang/invoke/LambdaForm$BMH
instanceKlass java/lang/invoke/LambdaForm$MH
instanceKlass java/lang/invoke/LambdaForm$DMH
instanceKlass java/lang/invoke/LambdaForm$DMH
instanceKlass java/lang/invoke/LambdaForm$DMH
instanceKlass java/lang/invoke/LambdaForm$DMH
instanceKlass java/util/SubList$1
instanceKlass java/lang/invoke/LambdaForm$MH
instanceKlass java/lang/invoke/LambdaForm$MH
instanceKlass java/lang/invoke/LambdaForm$MH
instanceKlass java/lang/invoke/LambdaForm$MH
instanceKlass java/lang/invoke/LambdaForm$MH
instanceKlass java/lang/invoke/LambdaForm$MH
instanceKlass java/lang/invoke/LambdaForm$MH
instanceKlass java/lang/invoke/LambdaForm$MH
instanceKlass java/lang/invoke/LambdaForm$MH
instanceKlass java/lang/invoke/LambdaForm$MH
instanceKlass java/lang/invoke/LambdaForm$MH
instanceKlass java/lang/invoke/LambdaForm$MH
instanceKlass java/lang/invoke/InvokerBytecodeGenerator$CpPatch
instanceKlass java/lang/invoke/LambdaForm$DMH
instanceKlass java/lang/invoke/LambdaForm$DMH
instanceKlass java/lang/invoke/LambdaForm$DMH
instanceKlass java/lang/invoke/LambdaForm$DMH
instanceKlass java/lang/invoke/LambdaForm$DMH
instanceKlass java/lang/invoke/LambdaForm$DMH
instanceKlass sun/invoke/empty/Empty
instanceKlass sun/invoke/util/VerifyType
instanceKlass java/lang/invoke/InvokerBytecodeGenerator$2
instanceKlass jdk/internal/org/objectweb/asm/AnnotationVisitor
instanceKlass jdk/internal/org/objectweb/asm/Frame
instanceKlass jdk/internal/org/objectweb/asm/Label
instanceKlass jdk/internal/org/objectweb/asm/Type
instanceKlass jdk/internal/org/objectweb/asm/MethodVisitor
instanceKlass jdk/internal/org/objectweb/asm/Item
instanceKlass jdk/internal/org/objectweb/asm/ByteVector
instanceKlass jdk/internal/org/objectweb/asm/ClassVisitor
instanceKlass java/lang/invoke/InvokerBytecodeGenerator
instanceKlass java/lang/invoke/DirectMethodHandle$Lazy
instanceKlass sun/invoke/util/BytecodeDescriptor
instanceKlass java/lang/invoke/BoundMethodHandle$Factory
instanceKlass java/lang/invoke/BoundMethodHandle$SpeciesData
instanceKlass java/lang/invoke/LambdaForm$NamedFunction
instanceKlass java/lang/invoke/LambdaForm$Name
instanceKlass sun/invoke/util/ValueConversions
instanceKlass sun/invoke/util/VerifyAccess
instanceKlass java/lang/Long$LongCache
instanceKlass java/lang/Character$CharacterCache
instanceKlass java/lang/Short$ShortCache
instanceKlass java/lang/Byte$ByteCache
instanceKlass sun/invoke/util/Wrapper$Format
instanceKlass java/lang/invoke/MethodHandles
instanceKlass java/lang/invoke/Invokers
instanceKlass java/lang/invoke/MethodTypeForm
instanceKlass java/lang/invoke/MethodType$ConcurrentWeakInternSet
instanceKlass java/lang/invoke/MethodHandles$Lookup
instanceKlass java/lang/invoke/LambdaMetafactory
instanceKlass org/eclipse/xtext/nodemodel/impl/GrammarElementsInterner$InternKey
instanceKlass org/eclipse/xtext/conversion/impl/EFactoryValueConverter
instanceKlass com/google/common/collect/AbstractIterator$1
instanceKlass com/google/common/base/Optional
instanceKlass com/google/common/collect/FluentIterable
instanceKlass com/google/common/base/Predicates$InstanceOfPredicate
instanceKlass com/google/common/base/CommonPattern
instanceKlass com/google/common/base/Predicates
instanceKlass org/uqbar/project/wollok/wollokDsl/WollokDslPackage$Literals
instanceKlass com/google/common/primitives/Ints
instanceKlass org/eclipse/xtext/nodemodel/impl/InternalNodeModelUtils
instanceKlass org/eclipse/xtext/nodemodel/BidiTreeIterator
instanceKlass org/antlr/runtime/CommonToken
instanceKlass org/antlr/runtime/CharStreamState
instanceKlass org/eclipse/xtext/parser/antlr/TokenTool
instanceKlass org/eclipse/xtext/parser/impl/DatatypeRuleToken
instanceKlass com/google/common/collect/ImmutableSet$SetBuilderImpl
instanceKlass org/eclipse/xtext/util/Strings
instanceKlass org/eclipse/xtext/parser/antlr/XtextTokenStream$HiddenTokens
instanceKlass org/antlr/runtime/BitSet
instanceKlass org/antlr/runtime/DFA
